#
# There is insufficient memory for the Java Runtime Environment to continue.
# Native memory allocation (malloc) failed to allocate 1078736 bytes for Chunk::new
# Possible reasons:
#   The system is out of physical RAM or swap space
#   The process is running with CompressedOops enabled, and the Java Heap may be blocking the growth of the native heap
# Possible solutions:
#   Reduce memory load on the system
#   Increase physical memory or swap space
#   Check if swap backing store is full
#   Decrease Java heap size (-Xmx/-Xms)
#   Decrease number of Java threads
#   Decrease Java thread stack sizes (-Xss)
#   Set larger code cache with -XX:ReservedCodeCacheSize=
#   JVM is running with Unscaled Compressed Oops mode in which the Java heap is
#     placed in the first 4GB address space. The Java Heap base address is the
#     maximum limit for the native heap growth. Please use -XX:HeapBaseMinAddress
#     to set the Java Heap base and to place the Java Heap above 4GB virtual address.
# This output file may be truncated or incomplete.
#
#  Out of Memory Error (./open/src/hotspot/share/memory/arena.cpp:197), pid=14140, tid=5252
#
# JRE version: Java(TM) SE Runtime Environment 18.9 (11.0.18+9) (build 11.0.18+9-LTS-195)
# Java VM: Java HotSpot(TM) 64-Bit Server VM 18.9 (11.0.18+9-LTS-195, mixed mode, tiered, compressed oops, g1 gc, windows-amd64)
# No core dump will be written. Minidumps are not enabled by default on client versions of Windows
#

---------------  S U M M A R Y ------------

Command Line: -Djline.terminal=jline.UnsupportedTerminal -Dsbt.log.noformat=true -Dfile.encoding=UTF-8 -Didea.managed=true -Dfile.encoding=UTF-8 -Didea.installation.dir=C:\Program Files\JetBrains\IntelliJ IDEA Educational Edition 2022.2.2 C:/Program Files/JetBrains/IntelliJ IDEA Educational Edition 2022.2.2/plugins/Scala/launcher/sbt-launch.jar

Host: AMD Ryzen 5 2500U with Radeon Vega Mobile Gfx  , 8 cores, 6G,  Windows 10 , 64 bit Build 19041 (10.0.19041.3031)
Time: Tue Jul 25 23:34:56 2023 India Standard Time elapsed time: 11.869915 seconds (0d 0h 0m 11s)

---------------  T H R E A D  ---------------

Current thread (0x00000142b92f0800):  JavaThread "C2 CompilerThread0" daemon [_thread_in_native, id=5252, stack(0x0000002562a00000,0x0000002562b00000)]


Current CompileTask:
C2:  11870 9222   !   4       jdk.internal.loader.BuiltinClassLoader::loadClassOrNull (143 bytes)

Stack: [0x0000002562a00000,0x0000002562b00000]
Native frames: (J=compiled Java code, j=interpreted, Vv=VM code, C=native code)
V  [jvm.dll+0x65d8aa]
V  [jvm.dll+0x79fc1f]
V  [jvm.dll+0x7a12e9]
V  [jvm.dll+0x7a1983]
V  [jvm.dll+0x2585b5]
V  [jvm.dll+0xb284c]
V  [jvm.dll+0xb2e0c]
V  [jvm.dll+0x2c9c42]
V  [jvm.dll+0x56d7dc]
V  [jvm.dll+0x21a251]
V  [jvm.dll+0x213a35]
V  [jvm.dll+0x210264]
V  [jvm.dll+0x18c641]
V  [jvm.dll+0x220609]
V  [jvm.dll+0x21e92c]
V  [jvm.dll+0x763f61]
V  [jvm.dll+0x75c924]
V  [jvm.dll+0x65c755]
C  [ucrtbase.dll+0x21bb2]
C  [KERNEL32.DLL+0x17614]
C  [ntdll.dll+0x526f1]


---------------  P R O C E S S  ---------------

Threads class SMR info:
_java_thread_list=0x00000142bf78cac0, length=41, elements={
0x000001429bccb800, 0x00000142b92c9800, 0x00000142b92d2800, 0x00000142b9c63800,
0x00000142b92e1000, 0x00000142b92e3800, 0x00000142b92f0800, 0x00000142b92f7000,
0x00000142b92fa000, 0x00000142b9dc4000, 0x00000142bb020000, 0x00000142ba567800,
0x00000142ba568000, 0x00000142ba569000, 0x00000142ba642800, 0x00000142bdfcd800,
0x00000142c0453800, 0x00000142c0455000, 0x00000142c0454000, 0x00000142c0456800,
0x00000142c0458000, 0x00000142c0455800, 0x00000142c0457800, 0x00000142be30e800,
0x00000142be30e000, 0x00000142be30f800, 0x00000142bcf94000, 0x00000142be30a800,
0x00000142be30b800, 0x00000142be312000, 0x00000142be30c000, 0x00000142be30d000,
0x00000142be316000, 0x00000142be314800, 0x00000142be317800, 0x00000142be317000,
0x00000142be318800, 0x00000142bfd2f800, 0x00000142bfd2f000, 0x00000142bfd2d000,
0x00000142bfd2a000
}

Java Threads: ( => current thread )
  0x000001429bccb800 JavaThread "main" [_thread_in_Java, id=10444, stack(0x0000002561e00000,0x0000002561f00000)]
  0x00000142b92c9800 JavaThread "Reference Handler" daemon [_thread_blocked, id=1436, stack(0x0000002562500000,0x0000002562600000)]
  0x00000142b92d2800 JavaThread "Finalizer" daemon [_thread_blocked, id=18904, stack(0x0000002562600000,0x0000002562700000)]
  0x00000142b9c63800 JavaThread "Signal Dispatcher" daemon [_thread_blocked, id=9204, stack(0x0000002562700000,0x0000002562800000)]
  0x00000142b92e1000 JavaThread "Attach Listener" daemon [_thread_blocked, id=11656, stack(0x0000002562800000,0x0000002562900000)]
  0x00000142b92e3800 JavaThread "Service Thread" daemon [_thread_blocked, id=1468, stack(0x0000002562900000,0x0000002562a00000)]
=>0x00000142b92f0800 JavaThread "C2 CompilerThread0" daemon [_thread_in_native, id=5252, stack(0x0000002562a00000,0x0000002562b00000)]
  0x00000142b92f7000 JavaThread "C1 CompilerThread0" daemon [_thread_blocked, id=16164, stack(0x0000002562b00000,0x0000002562c00000)]
  0x00000142b92fa000 JavaThread "Sweeper thread" daemon [_thread_blocked, id=12540, stack(0x0000002562c00000,0x0000002562d00000)]
  0x00000142b9dc4000 JavaThread "Common-Cleaner" daemon [_thread_blocked, id=11440, stack(0x0000002562e00000,0x0000002562f00000)]
  0x00000142bb020000 JavaThread "pool-1-thread-1" [_thread_blocked, id=18008, stack(0x0000002563000000,0x0000002563100000)]
  0x00000142ba567800 JavaThread "pool-1-thread-2" [_thread_blocked, id=11880, stack(0x0000002563100000,0x0000002563200000)]
  0x00000142ba568000 JavaThread "pool-1-thread-3" [_thread_blocked, id=18276, stack(0x0000002563200000,0x0000002563300000)]
  0x00000142ba569000 JavaThread "pool-1-thread-4" [_thread_blocked, id=4968, stack(0x0000002563300000,0x0000002563400000)]
  0x00000142ba642800 JavaThread "pool-1-thread-5" [_thread_blocked, id=8732, stack(0x0000002563400000,0x0000002563500000)]
  0x00000142bdfcd800 JavaThread "JNA Cleaner" daemon [_thread_blocked, id=19056, stack(0x0000002563f00000,0x0000002564000000)]
  0x00000142c0453800 JavaThread "classloader-cache-cleanup-0" daemon [_thread_blocked, id=7296, stack(0x0000002564100000,0x0000002564200000)]
  0x00000142c0455000 JavaThread "sbt-command-exchange-fastTrack" daemon [_thread_blocked, id=14368, stack(0x0000002564200000,0x0000002564300000)]
  0x00000142c0454000 JavaThread "scala-execution-context-global-26" daemon [_thread_blocked, id=16172, stack(0x0000002563500000,0x0000002563600000)]
  0x00000142c0456800 JavaThread "scala-execution-context-global-27" daemon [_thread_blocked, id=11348, stack(0x0000002564300000,0x0000002564400000)]
  0x00000142c0458000 JavaThread "scala-execution-context-global-28" daemon [_thread_blocked, id=3528, stack(0x0000002564400000,0x0000002564500000)]
  0x00000142c0455800 JavaThread "scala-execution-context-global-29" daemon [_thread_blocked, id=18308, stack(0x0000002564500000,0x0000002564600000)]
  0x00000142c0457800 JavaThread "scala-execution-context-global-30" daemon [_thread_blocked, id=15380, stack(0x0000002564600000,0x0000002564700000)]
  0x00000142be30e800 JavaThread "scala-execution-context-global-32" daemon [_thread_blocked, id=14044, stack(0x0000002564700000,0x0000002564800000)]
  0x00000142be30e000 JavaThread "scala-execution-context-global-31" daemon [_thread_blocked, id=2056, stack(0x0000002564800000,0x0000002564900000)]
  0x00000142be30f800 JavaThread "scala-execution-context-global-33" daemon [_thread_blocked, id=13100, stack(0x0000002564900000,0x0000002564a00000)]
  0x00000142bcf94000 JavaThread "C2 CompilerThread1" daemon [_thread_in_native, id=10984, stack(0x0000002563d00000,0x0000002563e00000)]
  0x00000142be30a800 JavaThread "FileSystemWatchService" daemon [_thread_in_native, id=6820, stack(0x0000002563e00000,0x0000002563f00000)]
  0x00000142be30b800 JavaThread "NioPathWatcher-loop-thread-1" daemon [_thread_blocked, id=19324, stack(0x0000002564b00000,0x0000002564c00000)]
  0x00000142be312000 JavaThread "com.swoval.files.SymlinkWather.callback-executor-1" [_thread_blocked, id=17544, stack(0x0000002564c00000,0x0000002564d00000)]
  0x00000142be30c000 JavaThread "FileTreeRepository-callback-executor-1" [_thread_blocked, id=14632, stack(0x0000002564e00000,0x0000002564f00000)]
  0x00000142be30d000 JavaThread "FileSystemWatchService" daemon [_thread_in_native, id=15500, stack(0x0000002564f00000,0x0000002565000000)]
  0x00000142be316000 JavaThread "NioPathWatcher-loop-thread-2" daemon [_thread_blocked, id=10388, stack(0x0000002565000000,0x0000002565100000)]
  0x00000142be314800 JavaThread "FileSystemWatchService" daemon [_thread_in_native, id=16048, stack(0x0000002565100000,0x0000002565200000)]
  0x00000142be317800 JavaThread "NioPathWatcher-loop-thread-3" daemon [_thread_blocked, id=11612, stack(0x0000002565300000,0x0000002565400000)]
  0x00000142be317000 JavaThread "com.swoval.files.SymlinkWather.callback-executor-1" [_thread_blocked, id=7316, stack(0x0000002565400000,0x0000002565500000)]
  0x00000142be318800 JavaThread "FileTreeRepository-callback-executor-1" [_thread_blocked, id=18216, stack(0x0000002565500000,0x0000002565600000)]
  0x00000142bfd2f800 JavaThread "FileSystemWatchService" daemon [_thread_in_native, id=12744, stack(0x0000002565600000,0x0000002565700000)]
  0x00000142bfd2f000 JavaThread "NioPathWatcher-loop-thread-4" daemon [_thread_blocked, id=10960, stack(0x0000002565700000,0x0000002565800000)]
  0x00000142bfd2d000 JavaThread "sbt-socket-server" [_thread_in_native, id=2800, stack(0x0000002564a00000,0x0000002564b00000)]
  0x00000142bfd2a000 JavaThread "dumb non blocking reader thread" daemon [_thread_blocked, id=16416, stack(0x0000002564d00000,0x0000002564e00000)]

Other Threads:
  0x00000142b92a6800 VMThread "VM Thread" [stack: 0x0000002562400000,0x0000002562500000] [id=17264]
  0x00000142b9dbe000 WatcherThread [stack: 0x0000002562d00000,0x0000002562e00000] [id=14668]
  0x000001429bce0800 GCTaskThread "GC Thread#0" [stack: 0x0000002561f00000,0x0000002562000000] [id=9168]
  0x00000142ba46c800 GCTaskThread "GC Thread#1" [stack: 0x0000002562f00000,0x0000002563000000] [id=18244]
  0x00000142bcc1e000 GCTaskThread "GC Thread#2" [stack: 0x0000002563600000,0x0000002563700000] [id=7668]
  0x00000142bccbe000 GCTaskThread "GC Thread#3" [stack: 0x0000002563700000,0x0000002563800000] [id=14396]
  0x00000142bccbe800 GCTaskThread "GC Thread#4" [stack: 0x0000002563800000,0x0000002563900000] [id=2748]
  0x00000142bcb3f800 GCTaskThread "GC Thread#5" [stack: 0x0000002563900000,0x0000002563a00000] [id=5180]
  0x00000142bcb40000 GCTaskThread "GC Thread#6" [stack: 0x0000002563a00000,0x0000002563b00000] [id=19296]
  0x00000142bcbd9800 GCTaskThread "GC Thread#7" [stack: 0x0000002563b00000,0x0000002563c00000] [id=9572]
  0x000001429bd0b800 ConcurrentGCThread "G1 Main Marker" [stack: 0x0000002562000000,0x0000002562100000] [id=19352]
  0x000001429bd0e000 ConcurrentGCThread "G1 Conc#0" [stack: 0x0000002562100000,0x0000002562200000] [id=15396]
  0x00000142bccd0000 ConcurrentGCThread "G1 Conc#1" [stack: 0x0000002563c00000,0x0000002563d00000] [id=5108]
  0x000001429bda1000 ConcurrentGCThread "G1 Refine#0" [stack: 0x0000002562200000,0x0000002562300000] [id=14344]
  0x00000142bf792800 ConcurrentGCThread "G1 Refine#1" [stack: 0x0000002565200000,0x0000002565300000] [id=1928]
  0x00000142c1900800 ConcurrentGCThread "G1 Refine#2" [stack: 0x0000002564000000,0x0000002564100000] [id=1304]
  0x00000142bc456000 ConcurrentGCThread "G1 Refine#3" [stack: 0x0000002565800000,0x0000002565900000] [id=15208]
  0x00000142bb990000 ConcurrentGCThread "G1 Refine#4" [stack: 0x0000002565900000,0x0000002565a00000] [id=12448]
  0x000001429bda2000 ConcurrentGCThread "G1 Young RemSet Sampling" [stack: 0x0000002562300000,0x0000002562400000] [id=14032]

Threads with active compile tasks:
C2 CompilerThread0    12323 9222   !   4       jdk.internal.loader.BuiltinClassLoader::loadClassOrNull (143 bytes)
C2 CompilerThread1    12323 9240       4       scala.reflect.internal.pickling.UnPickler$Scan::readSymbol (607 bytes)

VM state:not at safepoint (normal execution)

VM Mutex/Monitor currently owned by a thread: None

Heap address: 0x0000000091800000, size: 1768 MB, Compressed Oops mode: 32-bit
Narrow klass base: 0x0000000000000000, Narrow klass shift: 3
Compressed class space size: 1073741824 Address: 0x0000000100000000

Heap:
 garbage-first heap   total 138240K, used 66431K [0x0000000091800000, 0x0000000100000000)
  region size 1024K, 23 young (23552K), 8 survivors (8192K)
 Metaspace       used 93966K, capacity 101396K, committed 101580K, reserved 1136640K
  class space    used 14698K, capacity 18655K, committed 18688K, reserved 1048576K
Heap Regions: E=young(eden), S=young(survivor), O=old, HS=humongous(starts), HC=humongous(continues), CS=collection set, F=free, A=archive, TAMS=top-at-mark-start (previous, next)
|   0|0x0000000091800000, 0x0000000091900000, 0x0000000091900000|100%| O|  |TAMS 0x0000000091900000, 0x0000000091800000| Untracked 
|   1|0x0000000091900000, 0x0000000091a00000, 0x0000000091a00000|100%| O|  |TAMS 0x0000000091a00000, 0x0000000091900000| Untracked 
|   2|0x0000000091a00000, 0x0000000091b00000, 0x0000000091b00000|100%| O|  |TAMS 0x0000000091b00000, 0x0000000091a00000| Untracked 
|   3|0x0000000091b00000, 0x0000000091c00000, 0x0000000091c00000|100%| O|  |TAMS 0x0000000091c00000, 0x0000000091b00000| Untracked 
|   4|0x0000000091c00000, 0x0000000091d00000, 0x0000000091d00000|100%| O|  |TAMS 0x0000000091d00000, 0x0000000091c00000| Untracked 
|   5|0x0000000091d00000, 0x0000000091e00000, 0x0000000091e00000|100%| O|  |TAMS 0x0000000091e00000, 0x0000000091d00000| Untracked 
|   6|0x0000000091e00000, 0x0000000091f00000, 0x0000000091f00000|100%| O|  |TAMS 0x0000000091f00000, 0x0000000091e00000| Untracked 
|   7|0x0000000091f00000, 0x0000000092000000, 0x0000000092000000|100%| O|  |TAMS 0x0000000092000000, 0x0000000091f00000| Untracked 
|   8|0x0000000092000000, 0x0000000092100000, 0x0000000092100000|100%| O|  |TAMS 0x0000000092100000, 0x0000000092000000| Untracked 
|   9|0x0000000092100000, 0x0000000092200000, 0x0000000092200000|100%| O|  |TAMS 0x0000000092200000, 0x0000000092100000| Untracked 
|  10|0x0000000092200000, 0x0000000092300000, 0x0000000092300000|100%| O|  |TAMS 0x0000000092300000, 0x0000000092200000| Untracked 
|  11|0x0000000092300000, 0x0000000092400000, 0x0000000092400000|100%| O|  |TAMS 0x0000000092400000, 0x0000000092300000| Untracked 
|  12|0x0000000092400000, 0x0000000092500000, 0x0000000092500000|100%| O|  |TAMS 0x0000000092500000, 0x0000000092400000| Untracked 
|  13|0x0000000092500000, 0x0000000092600000, 0x0000000092600000|100%| O|  |TAMS 0x0000000092600000, 0x0000000092500000| Untracked 
|  14|0x0000000092600000, 0x0000000092700000, 0x0000000092700000|100%| O|  |TAMS 0x0000000092700000, 0x0000000092600000| Untracked 
|  15|0x0000000092700000, 0x0000000092800000, 0x0000000092800000|100%| O|  |TAMS 0x0000000092700000, 0x0000000092700000| Untracked 
|  16|0x0000000092800000, 0x0000000092900000, 0x0000000092900000|100%| O|  |TAMS 0x0000000092800000, 0x0000000092800000| Untracked 
|  17|0x0000000092900000, 0x0000000092a00000, 0x0000000092a00000|100%| O|  |TAMS 0x0000000092900000, 0x0000000092900000| Untracked 
|  18|0x0000000092a00000, 0x0000000092b00000, 0x0000000092b00000|100%| O|  |TAMS 0x0000000092a00000, 0x0000000092a00000| Untracked 
|  19|0x0000000092b00000, 0x0000000092c00000, 0x0000000092c00000|100%| O|  |TAMS 0x0000000092b00000, 0x0000000092b00000| Untracked 
|  20|0x0000000092c00000, 0x0000000092d00000, 0x0000000092d00000|100%| O|  |TAMS 0x0000000092c00000, 0x0000000092c00000| Untracked 
|  21|0x0000000092d00000, 0x0000000092e00000, 0x0000000092e00000|100%| O|  |TAMS 0x0000000092d00000, 0x0000000092d00000| Untracked 
|  22|0x0000000092e00000, 0x0000000092f00000, 0x0000000092f00000|100%| O|  |TAMS 0x0000000092f00000, 0x0000000092e00000| Untracked 
|  23|0x0000000092f00000, 0x0000000093000000, 0x0000000093000000|100%| O|  |TAMS 0x0000000093000000, 0x0000000092f00000| Untracked 
|  24|0x0000000093000000, 0x0000000093100000, 0x0000000093100000|100%| O|  |TAMS 0x0000000093100000, 0x0000000093000000| Untracked 
|  25|0x0000000093100000, 0x0000000093200000, 0x0000000093200000|100%| O|  |TAMS 0x0000000093200000, 0x0000000093100000| Untracked 
|  26|0x0000000093200000, 0x0000000093300000, 0x0000000093300000|100%| O|  |TAMS 0x0000000093300000, 0x0000000093200000| Untracked 
|  27|0x0000000093300000, 0x0000000093400000, 0x0000000093400000|100%| O|  |TAMS 0x0000000093400000, 0x0000000093300000| Untracked 
|  28|0x0000000093400000, 0x0000000093500000, 0x0000000093500000|100%| O|  |TAMS 0x0000000093500000, 0x0000000093400000| Untracked 
|  29|0x0000000093500000, 0x0000000093600000, 0x0000000093600000|100%| O|  |TAMS 0x0000000093600000, 0x0000000093500000| Untracked 
|  30|0x0000000093600000, 0x0000000093700000, 0x0000000093700000|100%| O|  |TAMS 0x0000000093700000, 0x0000000093600000| Untracked 
|  31|0x0000000093700000, 0x0000000093800000, 0x0000000093800000|100%|HS|  |TAMS 0x0000000093700000, 0x0000000093700000| Complete 
|  32|0x0000000093800000, 0x0000000093900000, 0x0000000093900000|100%| O|  |TAMS 0x0000000093800000, 0x0000000093800000| Untracked 
|  33|0x0000000093900000, 0x0000000093a00000, 0x0000000093a00000|100%| O|  |TAMS 0x0000000093900000, 0x0000000093900000| Untracked 
|  34|0x0000000093a00000, 0x0000000093b00000, 0x0000000093b00000|100%| O|  |TAMS 0x0000000093a00000, 0x0000000093a00000| Untracked 
|  35|0x0000000093b00000, 0x0000000093c00000, 0x0000000093c00000|100%| O|  |TAMS 0x0000000093b00000, 0x0000000093b00000| Untracked 
|  36|0x0000000093c00000, 0x0000000093d00000, 0x0000000093d00000|100%| O|  |TAMS 0x0000000093c00000, 0x0000000093c00000| Untracked 
|  37|0x0000000093d00000, 0x0000000093e00000, 0x0000000093e00000|100%| O|  |TAMS 0x0000000093d00000, 0x0000000093d00000| Untracked 
|  38|0x0000000093e00000, 0x0000000093f00000, 0x0000000093f00000|100%| O|  |TAMS 0x0000000093e00000, 0x0000000093e00000| Untracked 
|  39|0x0000000093f00000, 0x0000000094000000, 0x0000000094000000|100%| O|  |TAMS 0x0000000093f00000, 0x0000000093f00000| Untracked 
|  40|0x0000000094000000, 0x00000000940dfe00, 0x0000000094100000| 87%| O|  |TAMS 0x0000000094000000, 0x0000000094000000| Untracked 
|  41|0x0000000094100000, 0x0000000094100000, 0x0000000094200000|  0%| F|  |TAMS 0x0000000094100000, 0x0000000094100000| Untracked 
|  42|0x0000000094200000, 0x0000000094200000, 0x0000000094300000|  0%| F|  |TAMS 0x0000000094200000, 0x0000000094200000| Untracked 
|  43|0x0000000094300000, 0x0000000094300000, 0x0000000094400000|  0%| F|  |TAMS 0x0000000094300000, 0x0000000094300000| Untracked 
|  44|0x0000000094400000, 0x0000000094400000, 0x0000000094500000|  0%| F|  |TAMS 0x0000000094400000, 0x0000000094400000| Untracked 
|  45|0x0000000094500000, 0x0000000094500000, 0x0000000094600000|  0%| F|  |TAMS 0x0000000094500000, 0x0000000094500000| Untracked 
|  46|0x0000000094600000, 0x0000000094600000, 0x0000000094700000|  0%| F|  |TAMS 0x0000000094600000, 0x0000000094600000| Untracked 
|  47|0x0000000094700000, 0x0000000094700000, 0x0000000094800000|  0%| F|  |TAMS 0x0000000094700000, 0x0000000094700000| Untracked 
|  48|0x0000000094800000, 0x0000000094800000, 0x0000000094900000|  0%| F|  |TAMS 0x0000000094800000, 0x0000000094800000| Untracked 
|  49|0x0000000094900000, 0x0000000094900000, 0x0000000094a00000|  0%| F|  |TAMS 0x0000000094900000, 0x0000000094900000| Untracked 
|  50|0x0000000094a00000, 0x0000000094a00000, 0x0000000094b00000|  0%| F|  |TAMS 0x0000000094a00000, 0x0000000094a00000| Untracked 
|  51|0x0000000094b00000, 0x0000000094b00000, 0x0000000094c00000|  0%| F|  |TAMS 0x0000000094b00000, 0x0000000094b00000| Untracked 
|  52|0x0000000094c00000, 0x0000000094c00000, 0x0000000094d00000|  0%| F|  |TAMS 0x0000000094c00000, 0x0000000094c00000| Untracked 
|  53|0x0000000094d00000, 0x0000000094d00000, 0x0000000094e00000|  0%| F|  |TAMS 0x0000000094d00000, 0x0000000094d00000| Untracked 
|  54|0x0000000094e00000, 0x0000000094e00000, 0x0000000094f00000|  0%| F|  |TAMS 0x0000000094e00000, 0x0000000094e00000| Untracked 
|  55|0x0000000094f00000, 0x0000000094f00000, 0x0000000095000000|  0%| F|  |TAMS 0x0000000094f00000, 0x0000000094f00000| Untracked 
|  56|0x0000000095000000, 0x0000000095000000, 0x0000000095100000|  0%| F|  |TAMS 0x0000000095000000, 0x0000000095000000| Untracked 
|  57|0x0000000095100000, 0x0000000095100000, 0x0000000095200000|  0%| F|  |TAMS 0x0000000095100000, 0x0000000095100000| Untracked 
|  58|0x0000000095200000, 0x0000000095200000, 0x0000000095300000|  0%| F|  |TAMS 0x0000000095200000, 0x0000000095200000| Untracked 
|  59|0x0000000095300000, 0x0000000095300000, 0x0000000095400000|  0%| F|  |TAMS 0x0000000095300000, 0x0000000095300000| Untracked 
|  60|0x0000000095400000, 0x0000000095400000, 0x0000000095500000|  0%| F|  |TAMS 0x0000000095400000, 0x0000000095400000| Untracked 
|  61|0x0000000095500000, 0x0000000095600000, 0x0000000095600000|100%| O|  |TAMS 0x0000000095600000, 0x0000000095500000| Untracked 
|  62|0x0000000095600000, 0x0000000095700000, 0x0000000095700000|100%| O|  |TAMS 0x0000000095676400, 0x0000000095600000| Untracked 
|  63|0x0000000095700000, 0x0000000095700000, 0x0000000095800000|  0%| F|  |TAMS 0x0000000095700000, 0x0000000095700000| Untracked 
|  64|0x0000000095800000, 0x0000000095800000, 0x0000000095900000|  0%| F|  |TAMS 0x0000000095800000, 0x0000000095800000| Untracked 
|  65|0x0000000095900000, 0x0000000095900000, 0x0000000095a00000|  0%| F|  |TAMS 0x0000000095900000, 0x0000000095900000| Untracked 
|  66|0x0000000095a00000, 0x0000000095a00000, 0x0000000095b00000|  0%| F|  |TAMS 0x0000000095a00000, 0x0000000095a00000| Untracked 
|  67|0x0000000095b00000, 0x0000000095b00000, 0x0000000095c00000|  0%| F|  |TAMS 0x0000000095b00000, 0x0000000095b00000| Untracked 
|  68|0x0000000095c00000, 0x0000000095c00000, 0x0000000095d00000|  0%| F|  |TAMS 0x0000000095c00000, 0x0000000095c00000| Untracked 
|  69|0x0000000095d00000, 0x0000000095d00000, 0x0000000095e00000|  0%| F|  |TAMS 0x0000000095d00000, 0x0000000095d00000| Untracked 
|  70|0x0000000095e00000, 0x0000000095f00000, 0x0000000095f00000|100%| S|CS|TAMS 0x0000000095e00000, 0x0000000095e00000| Complete 
|  71|0x0000000095f00000, 0x0000000096000000, 0x0000000096000000|100%| S|CS|TAMS 0x0000000095f00000, 0x0000000095f00000| Complete 
|  72|0x0000000096000000, 0x0000000096100000, 0x0000000096100000|100%| S|CS|TAMS 0x0000000096000000, 0x0000000096000000| Complete 
|  73|0x0000000096100000, 0x0000000096200000, 0x0000000096200000|100%| S|CS|TAMS 0x0000000096100000, 0x0000000096100000| Complete 
|  74|0x0000000096200000, 0x0000000096300000, 0x0000000096300000|100%| S|CS|TAMS 0x0000000096200000, 0x0000000096200000| Complete 
|  75|0x0000000096300000, 0x0000000096400000, 0x0000000096400000|100%| S|CS|TAMS 0x0000000096300000, 0x0000000096300000| Complete 
|  76|0x0000000096400000, 0x0000000096500000, 0x0000000096500000|100%| S|CS|TAMS 0x0000000096400000, 0x0000000096400000| Complete 
|  77|0x0000000096500000, 0x0000000096600000, 0x0000000096600000|100%| S|CS|TAMS 0x0000000096500000, 0x0000000096500000| Complete 
|  78|0x0000000096600000, 0x0000000096600000, 0x0000000096700000|  0%| F|  |TAMS 0x0000000096600000, 0x0000000096600000| Untracked 
|  79|0x0000000096700000, 0x0000000096700000, 0x0000000096800000|  0%| F|  |TAMS 0x0000000096700000, 0x0000000096700000| Untracked 
|  80|0x0000000096800000, 0x0000000096800000, 0x0000000096900000|  0%| F|  |TAMS 0x0000000096800000, 0x0000000096800000| Untracked 
|  81|0x0000000096900000, 0x0000000096900000, 0x0000000096a00000|  0%| F|  |TAMS 0x0000000096900000, 0x0000000096900000| Untracked 
|  82|0x0000000096a00000, 0x0000000096a00000, 0x0000000096b00000|  0%| F|  |TAMS 0x0000000096a00000, 0x0000000096a00000| Untracked 
|  83|0x0000000096b00000, 0x0000000096b00000, 0x0000000096c00000|  0%| F|  |TAMS 0x0000000096b00000, 0x0000000096b00000| Untracked 
|  84|0x0000000096c00000, 0x0000000096c00000, 0x0000000096d00000|  0%| F|  |TAMS 0x0000000096c00000, 0x0000000096c00000| Untracked 
|  85|0x0000000096d00000, 0x0000000096d00000, 0x0000000096e00000|  0%| F|  |TAMS 0x0000000096d00000, 0x0000000096d00000| Untracked 
|  86|0x0000000096e00000, 0x0000000096e00000, 0x0000000096f00000|  0%| F|  |TAMS 0x0000000096e00000, 0x0000000096e00000| Untracked 
|  87|0x0000000096f00000, 0x0000000096f00000, 0x0000000097000000|  0%| F|  |TAMS 0x0000000096f00000, 0x0000000096f00000| Untracked 
|  88|0x0000000097000000, 0x0000000097000000, 0x0000000097100000|  0%| F|  |TAMS 0x0000000097000000, 0x0000000097000000| Untracked 
|  89|0x0000000097100000, 0x0000000097100000, 0x0000000097200000|  0%| F|  |TAMS 0x0000000097100000, 0x0000000097100000| Untracked 
|  90|0x0000000097200000, 0x0000000097200000, 0x0000000097300000|  0%| F|  |TAMS 0x0000000097200000, 0x0000000097200000| Untracked 
|  91|0x0000000097300000, 0x0000000097300000, 0x0000000097400000|  0%| F|  |TAMS 0x0000000097300000, 0x0000000097300000| Untracked 
|  92|0x0000000097400000, 0x0000000097400000, 0x0000000097500000|  0%| F|  |TAMS 0x0000000097400000, 0x0000000097400000| Untracked 
|  93|0x0000000097500000, 0x0000000097500000, 0x0000000097600000|  0%| F|  |TAMS 0x0000000097500000, 0x0000000097500000| Untracked 
|  94|0x0000000097600000, 0x0000000097600000, 0x0000000097700000|  0%| F|  |TAMS 0x0000000097600000, 0x0000000097600000| Untracked 
|  95|0x0000000097700000, 0x0000000097700000, 0x0000000097800000|  0%| F|  |TAMS 0x0000000097700000, 0x0000000097700000| Untracked 
|  96|0x0000000097800000, 0x0000000097800000, 0x0000000097900000|  0%| F|  |TAMS 0x0000000097800000, 0x0000000097800000| Untracked 
|  97|0x0000000097900000, 0x0000000097900000, 0x0000000097a00000|  0%| F|  |TAMS 0x0000000097900000, 0x0000000097900000| Untracked 
|  98|0x0000000097a00000, 0x0000000097a00000, 0x0000000097b00000|  0%| F|  |TAMS 0x0000000097a00000, 0x0000000097a00000| Untracked 
|  99|0x0000000097b00000, 0x0000000097b00000, 0x0000000097c00000|  0%| F|  |TAMS 0x0000000097b00000, 0x0000000097b00000| Untracked 
| 100|0x0000000097c00000, 0x0000000097c00000, 0x0000000097d00000|  0%| F|  |TAMS 0x0000000097c00000, 0x0000000097c00000| Untracked 
| 101|0x0000000097d00000, 0x0000000097d00000, 0x0000000097e00000|  0%| F|  |TAMS 0x0000000097d00000, 0x0000000097d00000| Untracked 
| 102|0x0000000097e00000, 0x0000000097e00000, 0x0000000097f00000|  0%| F|  |TAMS 0x0000000097e00000, 0x0000000097e00000| Untracked 
| 103|0x0000000097f00000, 0x0000000097f00000, 0x0000000098000000|  0%| F|  |TAMS 0x0000000097f00000, 0x0000000097f00000| Untracked 
| 104|0x0000000098000000, 0x0000000098000000, 0x0000000098100000|  0%| F|  |TAMS 0x0000000098000000, 0x0000000098000000| Untracked 
| 105|0x0000000098100000, 0x0000000098100000, 0x0000000098200000|  0%| F|  |TAMS 0x0000000098100000, 0x0000000098100000| Untracked 
| 106|0x0000000098200000, 0x0000000098200000, 0x0000000098300000|  0%| F|  |TAMS 0x0000000098200000, 0x0000000098200000| Untracked 
| 107|0x0000000098300000, 0x0000000098300000, 0x0000000098400000|  0%| F|  |TAMS 0x0000000098300000, 0x0000000098300000| Untracked 
| 108|0x0000000098400000, 0x0000000098400000, 0x0000000098500000|  0%| F|  |TAMS 0x0000000098400000, 0x0000000098400000| Untracked 
| 109|0x0000000098500000, 0x0000000098500000, 0x0000000098600000|  0%| F|  |TAMS 0x0000000098500000, 0x0000000098500000| Untracked 
| 110|0x0000000098600000, 0x0000000098600000, 0x0000000098700000|  0%| F|  |TAMS 0x0000000098600000, 0x0000000098600000| Untracked 
| 111|0x0000000098700000, 0x0000000098700000, 0x0000000098800000|  0%| F|  |TAMS 0x0000000098700000, 0x0000000098700000| Untracked 
| 112|0x0000000098800000, 0x0000000098800000, 0x0000000098900000|  0%| F|  |TAMS 0x0000000098800000, 0x0000000098800000| Untracked 
| 113|0x0000000098900000, 0x0000000098900000, 0x0000000098a00000|  0%| F|  |TAMS 0x0000000098900000, 0x0000000098900000| Untracked 
| 114|0x0000000098a00000, 0x0000000098a00000, 0x0000000098b00000|  0%| F|  |TAMS 0x0000000098a00000, 0x0000000098a00000| Untracked 
| 115|0x0000000098b00000, 0x0000000098b00000, 0x0000000098c00000|  0%| F|  |TAMS 0x0000000098b00000, 0x0000000098b00000| Untracked 
| 116|0x0000000098c00000, 0x0000000098c00000, 0x0000000098d00000|  0%| F|  |TAMS 0x0000000098c00000, 0x0000000098c00000| Untracked 
| 117|0x0000000098d00000, 0x0000000098d00000, 0x0000000098e00000|  0%| F|  |TAMS 0x0000000098d00000, 0x0000000098d00000| Untracked 
| 118|0x0000000098e00000, 0x0000000098e00000, 0x0000000098f00000|  0%| F|  |TAMS 0x0000000098e00000, 0x0000000098e00000| Untracked 
| 119|0x0000000098f00000, 0x0000000098f00000, 0x0000000099000000|  0%| F|  |TAMS 0x0000000098f00000, 0x0000000098f00000| Untracked 
| 120|0x0000000099000000, 0x0000000099100000, 0x0000000099100000|100%| E|  |TAMS 0x0000000099000000, 0x0000000099000000| Complete 
| 121|0x0000000099100000, 0x0000000099200000, 0x0000000099200000|100%| E|CS|TAMS 0x0000000099100000, 0x0000000099100000| Complete 
| 122|0x0000000099200000, 0x0000000099300000, 0x0000000099300000|100%| E|CS|TAMS 0x0000000099200000, 0x0000000099200000| Complete 
| 123|0x0000000099300000, 0x0000000099400000, 0x0000000099400000|100%| E|CS|TAMS 0x0000000099300000, 0x0000000099300000| Complete 
| 124|0x0000000099400000, 0x0000000099500000, 0x0000000099500000|100%| E|CS|TAMS 0x0000000099400000, 0x0000000099400000| Complete 
| 125|0x0000000099500000, 0x0000000099600000, 0x0000000099600000|100%| E|CS|TAMS 0x0000000099500000, 0x0000000099500000| Complete 
| 126|0x0000000099600000, 0x0000000099700000, 0x0000000099700000|100%| E|CS|TAMS 0x0000000099600000, 0x0000000099600000| Complete 
| 127|0x0000000099700000, 0x0000000099800000, 0x0000000099800000|100%| E|CS|TAMS 0x0000000099700000, 0x0000000099700000| Complete 
| 128|0x0000000099800000, 0x0000000099900000, 0x0000000099900000|100%| E|CS|TAMS 0x0000000099800000, 0x0000000099800000| Complete 
| 129|0x0000000099900000, 0x0000000099a00000, 0x0000000099a00000|100%| E|CS|TAMS 0x0000000099900000, 0x0000000099900000| Complete 
| 130|0x0000000099a00000, 0x0000000099b00000, 0x0000000099b00000|100%| E|CS|TAMS 0x0000000099a00000, 0x0000000099a00000| Complete 
| 131|0x0000000099b00000, 0x0000000099c00000, 0x0000000099c00000|100%| E|CS|TAMS 0x0000000099b00000, 0x0000000099b00000| Complete 
| 132|0x0000000099c00000, 0x0000000099d00000, 0x0000000099d00000|100%| E|CS|TAMS 0x0000000099c00000, 0x0000000099c00000| Complete 
| 133|0x0000000099d00000, 0x0000000099e00000, 0x0000000099e00000|100%| E|CS|TAMS 0x0000000099d00000, 0x0000000099d00000| Complete 
| 134|0x0000000099e00000, 0x0000000099f00000, 0x0000000099f00000|100%| E|CS|TAMS 0x0000000099e00000, 0x0000000099e00000| Complete 

Card table byte_map: [0x00000142b2a60000,0x00000142b2de0000] _byte_map_base: 0x00000142b25d4000

Marking Bits (Prev, Next): (CMBitMap*) 0x000001429bd03ed0, (CMBitMap*) 0x000001429bd03e98
 Prev Bits: [0x00000142b4d00000, 0x00000142b68a0000)
 Next Bits: [0x00000142b3160000, 0x00000142b4d00000)

Polling page: 0x0000014299c10000

Metaspace:

Usage:
  Non-class:     80.80 MB capacity,    77.41 MB ( 96%) used,     2.60 MB (  3%) free+waste,   809.06 KB ( <1%) overhead. 
      Class:     18.22 MB capacity,    14.35 MB ( 79%) used,     3.39 MB ( 19%) free+waste,   482.69 KB (  3%) overhead. 
       Both:     99.02 MB capacity,    91.77 MB ( 93%) used,     5.99 MB (  6%) free+waste,     1.26 MB (  1%) overhead. 

Virtual space:
  Non-class space:       86.00 MB reserved,      80.95 MB ( 94%) committed 
      Class space:        1.00 GB reserved,      18.25 MB (  2%) committed 
             Both:        1.08 GB reserved,      99.20 MB (  9%) committed 

Chunk freelists:
   Non-Class:  2.88 KB
       Class:  0 bytes
        Both:  2.88 KB

CodeHeap 'non-profiled nmethods': size=120000Kb used=4674Kb max_used=4674Kb free=115325Kb
 bounds [0x00000142aae80000, 0x00000142ab320000, 0x00000142b23b0000]
CodeHeap 'profiled nmethods': size=120000Kb used=18053Kb max_used=18053Kb free=101946Kb
 bounds [0x00000142a3950000, 0x00000142a4b00000, 0x00000142aae80000]
CodeHeap 'non-nmethods': size=5760Kb used=1376Kb max_used=1406Kb free=4383Kb
 bounds [0x00000142a33b0000, 0x00000142a3620000, 0x00000142a3950000]
 total_blobs=10453 nmethods=9711 adapters=651
 compilation: enabled
              stopped_count=0, restarted_count=0
 full_count=0

Compilation events (10 events):
Event: 11.825 Thread 0x00000142b92f7000 9241 % !   3       scala.reflect.internal.pickling.UnPickler$Scan::run @ 101 (258 bytes)
Event: 11.827 Thread 0x00000142b92f7000 nmethod 9241% 0x00000142a49b2810 code [0x00000142a49b2ac0, 0x00000142a49b4078]
Event: 11.828 Thread 0x00000142bcf94000 nmethod 9231% 0x00000142ab2ec510 code [0x00000142ab2ec700, 0x00000142ab2ee498]
Event: 11.828 Thread 0x00000142bcf94000 9239       4       scala.reflect.internal.pickling.UnPickler$Scan$LazyTypeRef::<init> (56 bytes)
Event: 11.832 Thread 0x00000142bcf94000 nmethod 9239 0x00000142ab2eee10 code [0x00000142ab2eefa0, 0x00000142ab2ef2b8]
Event: 11.832 Thread 0x00000142bcf94000 9235       4       scala.reflect.internal.pickling.UnPickler$Scan::readName (100 bytes)
Event: 11.833 Thread 0x00000142b92f7000 9242       3       scala.reflect.internal.Definitions$DefinitionsClass::isDefinitionsInitialized (5 bytes)
Event: 11.833 Thread 0x00000142b92f7000 nmethod 9242 0x00000142a49b4790 code [0x00000142a49b4920, 0x00000142a49b4a38]
Event: 11.837 Thread 0x00000142b92f7000 9243       2       java.lang.invoke.DirectMethodHandle::preparedLambdaForm (31 bytes)
Event: 11.837 Thread 0x00000142b92f7000 nmethod 9243 0x00000142a49b4b10 code [0x00000142a49b4cc0, 0x00000142a49b4e48]

GC Heap History (10 events):
Event: 5.788 GC heap before
{Heap before GC invocations=11 (full 0):
 garbage-first heap   total 138240K, used 67669K [0x0000000091800000, 0x0000000100000000)
  region size 1024K, 11 young (11264K), 4 survivors (4096K)
 Metaspace       used 76895K, capacity 82519K, committed 82636K, reserved 1116160K
  class space    used 12021K, capacity 15053K, committed 15104K, reserved 1048576K
}
Event: 5.794 GC heap after
{Heap after GC invocations=12 (full 0):
 garbage-first heap   total 138240K, used 43308K [0x0000000091800000, 0x0000000100000000)
  region size 1024K, 4 young (4096K), 4 survivors (4096K)
 Metaspace       used 76895K, capacity 82519K, committed 82636K, reserved 1116160K
  class space    used 12021K, capacity 15053K, committed 15104K, reserved 1048576K
}
Event: 8.168 GC heap before
{Heap before GC invocations=13 (full 0):
 garbage-first heap   total 138240K, used 103724K [0x0000000091800000, 0x0000000100000000)
  region size 1024K, 57 young (58368K), 4 survivors (4096K)
 Metaspace       used 81705K, capacity 87747K, committed 88012K, reserved 1122304K
  class space    used 12797K, capacity 16056K, committed 16128K, reserved 1048576K
}
Event: 8.176 GC heap after
{Heap after GC invocations=14 (full 0):
 garbage-first heap   total 138240K, used 30812K [0x0000000091800000, 0x0000000100000000)
  region size 1024K, 7 young (7168K), 7 survivors (7168K)
 Metaspace       used 81705K, capacity 87747K, committed 88012K, reserved 1122304K
  class space    used 12797K, capacity 16056K, committed 16128K, reserved 1048576K
}
Event: 9.212 GC heap before
{Heap before GC invocations=14 (full 0):
 garbage-first heap   total 138240K, used 82012K [0x0000000091800000, 0x0000000100000000)
  region size 1024K, 22 young (22528K), 7 survivors (7168K)
 Metaspace       used 81935K, capacity 87987K, committed 88268K, reserved 1122304K
  class space    used 12836K, capacity 16101K, committed 16128K, reserved 1048576K
}
Event: 9.221 GC heap after
{Heap after GC invocations=15 (full 0):
 garbage-first heap   total 138240K, used 31339K [0x0000000091800000, 0x0000000100000000)
  region size 1024K, 6 young (6144K), 6 survivors (6144K)
 Metaspace       used 81935K, capacity 87987K, committed 88268K, reserved 1122304K
  class space    used 12836K, capacity 16101K, committed 16128K, reserved 1048576K
}
Event: 10.210 GC heap before
{Heap before GC invocations=16 (full 0):
 garbage-first heap   total 138240K, used 83563K [0x0000000091800000, 0x0000000100000000)
  region size 1024K, 54 young (55296K), 6 survivors (6144K)
 Metaspace       used 84995K, capacity 91246K, committed 91468K, reserved 1124352K
  class space    used 13328K, capacity 16724K, committed 16768K, reserved 1048576K
}
Event: 10.218 GC heap after
{Heap after GC invocations=17 (full 0):
 garbage-first heap   total 138240K, used 33656K [0x0000000091800000, 0x0000000100000000)
  region size 1024K, 5 young (5120K), 5 survivors (5120K)
 Metaspace       used 84995K, capacity 91246K, committed 91468K, reserved 1124352K
  class space    used 13328K, capacity 16724K, committed 16768K, reserved 1048576K
}
Event: 10.811 GC heap before
{Heap before GC invocations=17 (full 0):
 garbage-first heap   total 138240K, used 84856K [0x0000000091800000, 0x0000000100000000)
  region size 1024K, 56 young (57344K), 5 survivors (5120K)
 Metaspace       used 88043K, capacity 94862K, committed 95052K, reserved 1126400K
  class space    used 13859K, capacity 17501K, committed 17536K, reserved 1048576K
}
Event: 10.816 GC heap after
{Heap after GC invocations=18 (full 0):
 garbage-first heap   total 138240K, used 34521K [0x0000000091800000, 0x0000000100000000)
  region size 1024K, 2 young (2048K), 2 survivors (2048K)
 Metaspace       used 88043K, capacity 94862K, committed 95052K, reserved 1126400K
  class space    used 13859K, capacity 17501K, committed 17536K, reserved 1048576K
}

Deoptimization events (10 events):
Event: 11.691 Thread 0x000001429bccb800 Uncommon trap: reason=unstable_if action=reinterpret pc=0x00000142aaf9d8c8 method=jdk.internal.org.objectweb.asm.MethodWriter.visitMethodInsn(ILjava/lang/String;Ljava/lang/String;Ljava/lang/String;Z)V @ 37 c2
Event: 11.692 Thread 0x000001429bccb800 Uncommon trap: reason=unstable_if action=reinterpret pc=0x00000142aaf2af90 method=jdk.internal.org.objectweb.asm.MethodWriter.visitInsn(I)V @ 24 c2
Event: 11.692 Thread 0x000001429bccb800 Uncommon trap: reason=unstable_if action=reinterpret pc=0x00000142aaff66f0 method=jdk.internal.org.objectweb.asm.MethodWriter.visitMaxs(II)V @ 612 c2
Event: 11.693 Thread 0x000001429bccb800 Uncommon trap: reason=class_check action=maybe_recompile pc=0x00000142ab15ec58 method=java.lang.invoke.MemberName.getMethodType()Ljava/lang/invoke/MethodType; @ 39 c2
Event: 11.696 Thread 0x000001429bccb800 Uncommon trap: reason=class_check action=maybe_recompile pc=0x00000142ab173b14 method=java.lang.invoke.LambdaForm$Name.replaceNames([Ljava/lang/invoke/LambdaForm$Name;[Ljava/lang/invoke/LambdaForm$Name;II)Ljava/lang/invoke/LambdaForm$Name; @ 33 c2
Event: 11.696 Thread 0x000001429bccb800 Uncommon trap: reason=unstable_if action=reinterpret pc=0x00000142ab17b4cc method=java.lang.invoke.DirectMethodHandle.shouldBeInitialized(Ljava/lang/invoke/MemberName;)Z @ 67 c2
Event: 11.697 Thread 0x000001429bccb800 Uncommon trap: reason=unstable_if action=reinterpret pc=0x00000142ab0f1248 method=jdk.internal.org.objectweb.asm.Frame.execute(IILjdk/internal/org/objectweb/asm/ClassWriter;Ljdk/internal/org/objectweb/asm/Item;)V @ 2219 c2
Event: 11.699 Thread 0x000001429bccb800 Uncommon trap: reason=bimorphic_or_optimized_type_check action=maybe_recompile pc=0x00000142ab1e7d78 method=jdk.internal.loader.URLClassPath.getLoader(I)Ljdk/internal/loader/URLClassPath$Loader; @ 88 c2
Event: 11.713 Thread 0x000001429bccb800 Uncommon trap: reason=unstable_if action=reinterpret pc=0x00000142ab1e2ac0 method=java.lang.ClassLoader.checkCerts(Ljava/lang/String;Ljava/security/CodeSource;)V @ 45 c2
Event: 11.822 Thread 0x000001429bccb800 Uncommon trap: reason=bimorphic_or_optimized_type_check action=maybe_recompile pc=0x00000142ab2c5700 method=scala.reflect.internal.Types$Type.findDecl(Lscala/reflect/internal/Names$Name;I)Lscala/reflect/internal/Symbols$Symbol; @ 114 c2

Classes redefined (0 events):
No events

Internal exceptions (10 events):
Event: 10.729 Thread 0x000001429bccb800 Exception <a 'sun/nio/fs/WindowsException'{0x0000000098a27f28}> (0x0000000098a27f28) thrown at [./open/src/hotspot/share/prims/jni.cpp, line 611]
Event: 10.862 Thread 0x000001429bccb800 Exception <a 'sun/nio/fs/WindowsException'{0x0000000099c55ff0}> (0x0000000099c55ff0) thrown at [./open/src/hotspot/share/prims/jni.cpp, line 611]
Event: 10.862 Thread 0x000001429bccb800 Exception <a 'sun/nio/fs/WindowsException'{0x0000000099c61528}> (0x0000000099c61528) thrown at [./open/src/hotspot/share/prims/jni.cpp, line 611]
Event: 10.863 Thread 0x000001429bccb800 Exception <a 'sun/nio/fs/WindowsException'{0x0000000099c625b8}> (0x0000000099c625b8) thrown at [./open/src/hotspot/share/prims/jni.cpp, line 611]
Event: 11.473 Thread 0x000001429bccb800 Exception <a 'java/lang/NoSuchMethodError'{0x0000000097db0d68}: java.lang.invoke.Invokers$Holder.linkToTargetMethod(Ljava/lang/Object;Ljava/lang/Object;Ljava/lang/Object;IILjava/lang/Object;Ljava/lang/Object;)Ljava/lang/Object;> (0x0000000097db0d68) throw
Event: 11.691 Thread 0x000001429bccb800 Implicit null exception at 0x00000142aafd8aaf to 0x00000142aafd8f14
Event: 11.691 Thread 0x000001429bccb800 Implicit null exception at 0x00000142aaf9c777 to 0x00000142aaf9d894
Event: 11.692 Thread 0x000001429bccb800 Implicit null exception at 0x00000142aaf2a8e1 to 0x00000142aaf2af80
Event: 11.695 Thread 0x000001429bccb800 Exception <a 'java/lang/NoSuchMethodError'{0x000000009769e6d8}: java.lang.invoke.DelegatingMethodHandle$Holder.delegate(Ljava/lang/Object;Ljava/lang/Object;ILjava/lang/Object;)V> (0x000000009769e6d8) thrown at [./open/src/hotspot/share/interpreter/linkRes
Event: 11.697 Thread 0x000001429bccb800 Exception <a 'java/lang/NoSuchMethodError'{0x00000000976ab9d0}: java.lang.invoke.Invokers$Holder.invokeExact_MT(Ljava/lang/Object;Ljava/lang/Object;Ljava/lang/Object;)Ljava/lang/Object;> (0x00000000976ab9d0) thrown at [./open/src/hotspot/share/interpreter

Events (10 events):
Event: 11.853 loading class scala/reflect/internal/Trees$Tree
Event: 11.853 loading class scala/reflect/internal/Trees$Tree done
Event: 11.853 loading class scala/collection/mutable/LinkedHashSet
Event: 11.853 loading class scala/collection/mutable/LinkedHashSet done
Event: 11.854 loading class scala/collection/mutable/LinkedHashSet
Event: 11.854 loading class scala/collection/mutable/LinkedHashSet done
Event: 11.854 loading class scala/reflect/internal/Types$Type
Event: 11.854 loading class scala/reflect/internal/Types$Type done
Event: 11.854 loading class scala/collection/mutable/LinkedHashSet
Event: 11.854 loading class scala/collection/mutable/LinkedHashSet done


Dynamic libraries:
0x00007ff72f310000 - 0x00007ff72f320000 	C:\Program Files\Java\jdk-11\bin\java.exe
0x00007fff6f690000 - 0x00007fff6f888000 	C:\WINDOWS\SYSTEM32\ntdll.dll
0x00007fff6e590000 - 0x00007fff6e64f000 	C:\WINDOWS\System32\KERNEL32.DLL
0x00007fff6d310000 - 0x00007fff6d606000 	C:\WINDOWS\System32\KERNELBASE.dll
0x00007fff6d160000 - 0x00007fff6d260000 	C:\WINDOWS\System32\ucrtbase.dll
0x00007fff66950000 - 0x00007fff6696b000 	C:\Program Files\Java\jdk-11\bin\VCRUNTIME140.dll
0x00007fff65570000 - 0x00007fff65588000 	C:\Program Files\Java\jdk-11\bin\jli.dll
0x00007fff6e4e0000 - 0x00007fff6e58f000 	C:\WINDOWS\System32\ADVAPI32.dll
0x00007fff6e650000 - 0x00007fff6e6ee000 	C:\WINDOWS\System32\msvcrt.dll
0x00007fff6e220000 - 0x00007fff6e2bc000 	C:\WINDOWS\System32\sechost.dll
0x00007fff6d7f0000 - 0x00007fff6d916000 	C:\WINDOWS\System32\RPCRT4.dll
0x00007fff6ebf0000 - 0x00007fff6ed8d000 	C:\WINDOWS\System32\USER32.dll
0x00007fff5c140000 - 0x00007fff5c3da000 	C:\WINDOWS\WinSxS\amd64_microsoft.windows.common-controls_6595b64144ccf1df_6.0.19041.1110_none_60b5254171f9507e\COMCTL32.dll
0x00007fff6ce10000 - 0x00007fff6ce32000 	C:\WINDOWS\System32\win32u.dll
0x00007fff6f570000 - 0x00007fff6f59c000 	C:\WINDOWS\System32\GDI32.dll
0x00007fff6ce40000 - 0x00007fff6cf55000 	C:\WINDOWS\System32\gdi32full.dll
0x00007fff6cd70000 - 0x00007fff6ce0d000 	C:\WINDOWS\System32\msvcp_win.dll
0x00007fff62a20000 - 0x00007fff62a2a000 	C:\WINDOWS\SYSTEM32\VERSION.dll
0x00007fff6f540000 - 0x00007fff6f570000 	C:\WINDOWS\System32\IMM32.DLL
0x00007fff68dc0000 - 0x00007fff68dcc000 	C:\Program Files\Java\jdk-11\bin\vcruntime140_1.dll
0x00007fff51c40000 - 0x00007fff51cce000 	C:\Program Files\Java\jdk-11\bin\msvcp140.dll
0x00007fff2eaf0000 - 0x00007fff2f658000 	C:\Program Files\Java\jdk-11\bin\server\jvm.dll
0x00007fff6ebe0000 - 0x00007fff6ebe8000 	C:\WINDOWS\System32\PSAPI.DLL
0x00007fff56100000 - 0x00007fff56109000 	C:\WINDOWS\SYSTEM32\WSOCK32.dll
0x00007fff59520000 - 0x00007fff59547000 	C:\WINDOWS\SYSTEM32\WINMM.dll
0x00007fff6e6f0000 - 0x00007fff6e75b000 	C:\WINDOWS\System32\WS2_32.dll
0x00007fff6ac90000 - 0x00007fff6aca2000 	C:\WINDOWS\SYSTEM32\kernel.appcore.dll
0x00007fff67d10000 - 0x00007fff67d20000 	C:\Program Files\Java\jdk-11\bin\verify.dll
0x00007fff63300000 - 0x00007fff634e4000 	C:\WINDOWS\SYSTEM32\DBGHELP.DLL
0x00007fff63150000 - 0x00007fff63184000 	C:\WINDOWS\SYSTEM32\dbgcore.DLL
0x00007fff6d610000 - 0x00007fff6d692000 	C:\WINDOWS\System32\bcryptPrimitives.dll
0x00007fff64d70000 - 0x00007fff64d98000 	C:\Program Files\Java\jdk-11\bin\java.dll
0x00007fff67200000 - 0x00007fff6720a000 	C:\Program Files\Java\jdk-11\bin\jimage.dll
0x00007fff64e00000 - 0x00007fff64e17000 	C:\Program Files\Java\jdk-11\bin\zip.dll
0x00007fff6d920000 - 0x00007fff6e064000 	C:\WINDOWS\System32\SHELL32.dll
0x00007fff6ae20000 - 0x00007fff6b5b3000 	C:\WINDOWS\SYSTEM32\windows.storage.dll
0x00007fff6e760000 - 0x00007fff6eab4000 	C:\WINDOWS\System32\combase.dll
0x00007fff6c6e0000 - 0x00007fff6c70e000 	C:\WINDOWS\SYSTEM32\Wldp.dll
0x00007fff6f5a0000 - 0x00007fff6f64d000 	C:\WINDOWS\System32\SHCORE.dll
0x00007fff6d790000 - 0x00007fff6d7e5000 	C:\WINDOWS\System32\shlwapi.dll
0x00007fff6ccb0000 - 0x00007fff6cccf000 	C:\WINDOWS\SYSTEM32\profapi.dll
0x00007fff62590000 - 0x00007fff625a9000 	C:\Program Files\Java\jdk-11\bin\net.dll
0x00007fff66430000 - 0x00007fff6653a000 	C:\WINDOWS\SYSTEM32\WINHTTP.dll
0x00007fff6c440000 - 0x00007fff6c4aa000 	C:\WINDOWS\system32\mswsock.dll
0x00007fff62430000 - 0x00007fff62442000 	C:\Program Files\Java\jdk-11\bin\nio.dll
0x00007fff6c640000 - 0x00007fff6c658000 	C:\WINDOWS\SYSTEM32\CRYPTSP.dll
0x00007fff6bd60000 - 0x00007fff6bd94000 	C:\WINDOWS\system32\rsaenh.dll
0x00007fff6d130000 - 0x00007fff6d157000 	C:\WINDOWS\System32\bcrypt.dll
0x00007fff6cc70000 - 0x00007fff6cc9e000 	C:\WINDOWS\SYSTEM32\USERENV.dll
0x00007fff6c630000 - 0x00007fff6c63c000 	C:\WINDOWS\SYSTEM32\CRYPTBASE.dll
0x00007fff6c130000 - 0x00007fff6c16c000 	C:\WINDOWS\SYSTEM32\IPHLPAPI.DLL
0x00007fff6d780000 - 0x00007fff6d788000 	C:\WINDOWS\System32\NSI.dll
0x00007fff65b80000 - 0x00007fff65b97000 	C:\WINDOWS\SYSTEM32\dhcpcsvc6.DLL
0x00007fff65b60000 - 0x00007fff65b7d000 	C:\WINDOWS\SYSTEM32\dhcpcsvc.DLL
0x00007fff6c170000 - 0x00007fff6c23a000 	C:\WINDOWS\SYSTEM32\DNSAPI.dll
0x00007fff5efb0000 - 0x00007fff5eff5000 	C:\Users\Acer\AppData\Local\Temp\jna-2034799\jna15080271858382170735.dll
0x00007fff66980000 - 0x00007fff66989000 	C:\Program Files\Java\jdk-11\bin\management.dll
0x00007fff661b0000 - 0x00007fff661bb000 	C:\Program Files\Java\jdk-11\bin\management_ext.dll
0x000000006fd00000 - 0x000000006fd07000 	C:\Users\Acer\AppData\Local\Temp\.sbt3ebf6db5\swoval\swoval-jni\14845158970964409870-swoval-files0.dll
0x00007fff61fc0000 - 0x00007fff61fd7000 	C:\WINDOWS\system32\napinsp.dll
0x00007fff61fa0000 - 0x00007fff61fbb000 	C:\WINDOWS\system32\pnrpnsp.dll
0x00007fff67fa0000 - 0x00007fff67fb5000 	C:\WINDOWS\system32\wshbth.dll
0x00007fff65d30000 - 0x00007fff65d4d000 	C:\WINDOWS\system32\NLAapi.dll
0x00007fff61f80000 - 0x00007fff61f92000 	C:\WINDOWS\System32\winrnr.dll
0x00007fff65d10000 - 0x00007fff65d1a000 	C:\Windows\System32\rasadhlp.dll
0x00007fff63060000 - 0x00007fff630e2000 	C:\WINDOWS\System32\fwpuclnt.dll

dbghelp: loaded successfully - version: 4.0.5 - missing functions: none
symbol engine: initialized successfully - sym options: 0x614 - pdb path: .;C:\Program Files\Java\jdk-11\bin;C:\WINDOWS\SYSTEM32;C:\WINDOWS\WinSxS\amd64_microsoft.windows.common-controls_6595b64144ccf1df_6.0.19041.1110_none_60b5254171f9507e;C:\Program Files\Java\jdk-11\bin\server;C:\Users\Acer\AppData\Local\Temp\jna-2034799;C:\Users\Acer\AppData\Local\Temp\.sbt3ebf6db5\swoval\swoval-jni

VM Arguments:
jvm_args: -Djline.terminal=jline.UnsupportedTerminal -Dsbt.log.noformat=true -Dfile.encoding=UTF-8 -Didea.managed=true -Dfile.encoding=UTF-8 -Didea.installation.dir=C:\Program Files\JetBrains\IntelliJ IDEA Educational Edition 2022.2.2 
java_command: C:/Program Files/JetBrains/IntelliJ IDEA Educational Edition 2022.2.2/plugins/Scala/launcher/sbt-launch.jar
java_class_path (initial): C:/Program Files/JetBrains/IntelliJ IDEA Educational Edition 2022.2.2/plugins/Scala/launcher/sbt-launch.jar
Launcher Type: SUN_STANDARD

[Global flags]
     intx CICompilerCount                          = 4                                         {product} {ergonomic}
     uint ConcGCThreads                            = 2                                         {product} {ergonomic}
     uint G1ConcRefinementThreads                  = 8                                         {product} {ergonomic}
   size_t G1HeapRegionSize                         = 1048576                                   {product} {ergonomic}
    uintx GCDrainStackTargetSize                   = 64                                        {product} {ergonomic}
   size_t InitialHeapSize                          = 117440512                                 {product} {ergonomic}
   size_t MarkStackSize                            = 4194304                                   {product} {ergonomic}
   size_t MaxHeapSize                              = 1853882368                                {product} {ergonomic}
   size_t MaxNewSize                               = 1111490560                                {product} {ergonomic}
   size_t MinHeapDeltaBytes                        = 1048576                                   {product} {ergonomic}
    uintx NonNMethodCodeHeapSize                   = 5836300                                {pd product} {ergonomic}
    uintx NonProfiledCodeHeapSize                  = 122910970                              {pd product} {ergonomic}
    uintx ProfiledCodeHeapSize                     = 122910970                              {pd product} {ergonomic}
    uintx ReservedCodeCacheSize                    = 251658240                              {pd product} {ergonomic}
     bool SegmentedCodeCache                       = true                                      {product} {ergonomic}
     bool UseCompressedClassPointers               = true                                 {lp64_product} {ergonomic}
     bool UseCompressedOops                        = true                                 {lp64_product} {ergonomic}
     bool UseG1GC                                  = true                                      {product} {ergonomic}
     bool UseLargePagesIndividualAllocation        = false                                  {pd product} {ergonomic}

Logging:
Log output configuration:
 #0: stdout all=warning uptime,level,tags
 #1: stderr all=off uptime,level,tags

Environment Variables:
JAVA_HOME=C:\Program Files\Java\jdk-11
PATH=C:\Program Files\Common Files\Oracle\Java\javapath;C:\Program Files (x86)\Common Files\Oracle\Java\javapath;C:\Python311\Scripts\;C:\Python311\;C:\Python310\Scripts\;C:\Python310\;C:\WINDOWS\system32;C:\WINDOWS;C:\WINDOWS\System32\Wbem;C:\WINDOWS\System32\WindowsPowerShell\v1.0\;C:\WINDOWS\System32\OpenSSH\;C:\Program Files\Git\cmd;C:\Users\Acer\AppData\Roaming\nvm;C:\Program Files\nodejs;C:\ProgramData\chocolatey\bin;C:\Program Files\nodejs\;D:\Programs\PuTTY\;C:\Program Files\Java\jdk1.8.0_202\bin;C:\Program Files (x86)\scala\bin;C:\Program Files (x86)\scala\bin;C:\Users\Acer\AppData\Local\Microsoft\WindowsApps;C:\Users\Acer\AppData\Local\atom\bin;C:\Users\Acer\AppData\Local\hyper\app-3.0.2\resources\bin;C:\Users\Acer\AppData\Local\Programs\Microsoft VS Code\bin;C:\Users\Acer\AppData\Local\Microsoft\WindowsApps;C:\Program Files (x86)\CodeBlocks\MinGW\bin;C:\Users\Acer\AppData\Roaming\nvm;C:\Program Files\nodejs;C:\Users\Acer\AppData\Roaming\npm;D:\spark_and_scala\spark-2.4.7-bin-hadoop2.7\bin;
USERNAME=Acer
OS=Windows_NT
PROCESSOR_IDENTIFIER=AMD64 Family 23 Model 17 Stepping 0, AuthenticAMD



---------------  S Y S T E M  ---------------

OS: Windows 10 , 64 bit Build 19041 (10.0.19041.3031)

CPU:total 8 (initial active 8) (8 cores per cpu, 2 threads per core) family 23 model 17 stepping 0 microcode 0x0, cmov, cx8, fxsr, mmx, sse, sse2, sse3, ssse3, sse4.1, sse4.2, popcnt, avx, avx2, aes, clmul, mmxext, 3dnowpref, lzcnt, sse4a, ht, tsc, tscinvbit, tscinv, bmi1, bmi2, adx, s

Memory: 4k page, system-wide physical 7069M (436M free)
TotalPageFile size 13213M (AvailPageFile size 0M)
current process WorkingSet (physical memory assigned to process): 409M, peak: 409M
current process commit charge ("private bytes"): 449M, peak: 449M

vm_info: Java HotSpot(TM) 64-Bit Server VM (11.0.18+9-LTS-195) for windows-amd64 JRE (11.0.18+9-LTS-195), built on Dec  6 2022 15:50:58 by "mach5one" with MS VC++ 17.1 (VS2022)

END.
