#
# There is insufficient memory for the Java Runtime Environment to continue.
# Native memory allocation (mmap) failed to map 36700160 bytes for Failed to commit area from 0x000000009c300000 to 0x000000009e600000 of length 36700160.
# Possible reasons:
#   The system is out of physical RAM or swap space
#   The process is running with CompressedOops enabled, and the Java Heap may be blocking the growth of the native heap
# Possible solutions:
#   Reduce memory load on the system
#   Increase physical memory or swap space
#   Check if swap backing store is full
#   Decrease Java heap size (-Xmx/-Xms)
#   Decrease number of Java threads
#   Decrease Java thread stack sizes (-Xss)
#   Set larger code cache with -XX:ReservedCodeCacheSize=
#   JVM is running with Unscaled Compressed Oops mode in which the Java heap is
#     placed in the first 4GB address space. The Java Heap base address is the
#     maximum limit for the native heap growth. Please use -XX:HeapBaseMinAddress
#     to set the Java Heap base and to place the Java Heap above 4GB virtual address.
# This output file may be truncated or incomplete.
#
#  Out of Memory Error (./open/src/hotspot/os/windows/os_windows.cpp:3292), pid=13036, tid=13892
#
# JRE version: Java(TM) SE Runtime Environment 18.9 (11.0.18+9) (build 11.0.18+9-LTS-195)
# Java VM: Java HotSpot(TM) 64-Bit Server VM 18.9 (11.0.18+9-LTS-195, mixed mode, tiered, compressed oops, g1 gc, windows-amd64)
# No core dump will be written. Minidumps are not enabled by default on client versions of Windows
#

---------------  S U M M A R Y ------------

Command Line: -Djline.terminal=jline.UnsupportedTerminal -Dsbt.log.noformat=true -Dfile.encoding=UTF-8 -Didea.managed=true -Dfile.encoding=UTF-8 -Didea.installation.dir=C:\Program Files\JetBrains\IntelliJ IDEA Educational Edition 2022.2.2 C:/Program Files/JetBrains/IntelliJ IDEA Educational Edition 2022.2.2/plugins/Scala/launcher/sbt-launch.jar

Host: AMD Ryzen 5 2500U with Radeon Vega Mobile Gfx  , 8 cores, 6G,  Windows 10 , 64 bit Build 19041 (10.0.19041.3031)
Time: Tue Jul 25 23:36:00 2023 India Standard Time elapsed time: 12.946984 seconds (0d 0h 0m 12s)

---------------  T H R E A D  ---------------

Current thread (0x0000022bbd814000):  VMThread "VM Thread" [stack: 0x000000d635500000,0x000000d635600000] [id=13892]

Stack: [0x000000d635500000,0x000000d635600000]
[error occurred during error reporting (printing stack bounds), id 0xc0000005, EXCEPTION_ACCESS_VIOLATION (0xc0000005) at pc=0x0000022ba7120f2d]

Native frames: (J=compiled Java code, j=interpreted, Vv=VM code, C=native code)
V  [jvm.dll+0x65d8aa]
V  [jvm.dll+0x79fc1f]
V  [jvm.dll+0x7a12e9]
V  [jvm.dll+0x7a18e5]
V  [jvm.dll+0x7a189b]
V  [jvm.dll+0x65cdb3]
V  [jvm.dll+0x65d4a8]
C  [ntdll.dll+0xa247f]
C  [ntdll.dll+0x514f4]
C  [ntdll.dll+0xa0f8e]
C  0x0000022ba7120f2d

VM_Operation (0x000000d6395fc2b0): G1CollectForAllocation, mode: safepoint, requested by thread 0x0000022bc00c0000


---------------  P R O C E S S  ---------------

Threads class SMR info:
_java_thread_list=0x0000022bc6b8f720, length=55, elements={
0x0000022b9e26c800, 0x0000022bbd816800, 0x0000022bbd817800, 0x0000022bbe1e2800,
0x0000022bbe1e3800, 0x0000022bbd850000, 0x0000022bbd85c000, 0x0000022bbd861000,
0x0000022bbd867800, 0x0000022bbe32c800, 0x0000022bbe45c000, 0x0000022bbeb7e000,
0x0000022bbed9d000, 0x0000022bbed9d800, 0x0000022bbebbd000, 0x0000022bc0168800,
0x0000022bc27b8800, 0x0000022bc1240800, 0x0000022bc123e000, 0x0000022bc1242000,
0x0000022bc123f800, 0x0000022bc1244000, 0x0000022bc1241800, 0x0000022bc1244800,
0x0000022bc1243000, 0x0000022bc1fbc800, 0x0000022bc1fbe000, 0x0000022bc726f800,
0x0000022bc1fbe800, 0x0000022bc1fc1000, 0x0000022bc1fbb800, 0x0000022bc1fc2000,
0x0000022bc1fc3000, 0x0000022bc1fbd000, 0x0000022bc1fc7800, 0x0000022bc1fca000,
0x0000022bc1fc6000, 0x0000022bc1fc7000, 0x0000022bc1fc8800, 0x0000022bc1fc4800,
0x0000022bc1fc5800, 0x0000022bc1fc0800, 0x0000022bc00b9000, 0x0000022bc00b9800,
0x0000022bc00b7000, 0x0000022bc00b5000, 0x0000022bc00b4000, 0x0000022bc00bb800,
0x0000022bc00ba800, 0x0000022bc00b5800, 0x0000022bc00bc000, 0x0000022bc00b6800,
0x0000022bc00c0000, 0x0000022bc00bd000, 0x0000022bc00bf800
}

Java Threads: ( => current thread )
  0x0000022b9e26c800 JavaThread "main" [_thread_blocked, id=13608, stack(0x000000d634f00000,0x000000d635000000)]
  0x0000022bbd816800 JavaThread "Reference Handler" daemon [_thread_blocked, id=16636, stack(0x000000d635600000,0x000000d635700000)]
  0x0000022bbd817800 JavaThread "Finalizer" daemon [_thread_blocked, id=10144, stack(0x000000d635700000,0x000000d635800000)]
  0x0000022bbe1e2800 JavaThread "Signal Dispatcher" daemon [_thread_blocked, id=13788, stack(0x000000d635800000,0x000000d635900000)]
  0x0000022bbe1e3800 JavaThread "Attach Listener" daemon [_thread_blocked, id=1092, stack(0x000000d635900000,0x000000d635a00000)]
  0x0000022bbd850000 JavaThread "Service Thread" daemon [_thread_blocked, id=17480, stack(0x000000d635a00000,0x000000d635b00000)]
  0x0000022bbd85c000 JavaThread "C2 CompilerThread0" daemon [_thread_blocked, id=15704, stack(0x000000d635b00000,0x000000d635c00000)]
  0x0000022bbd861000 JavaThread "C1 CompilerThread0" daemon [_thread_blocked, id=8736, stack(0x000000d635c00000,0x000000d635d00000)]
  0x0000022bbd867800 JavaThread "Sweeper thread" daemon [_thread_blocked, id=12752, stack(0x000000d635d00000,0x000000d635e00000)]
  0x0000022bbe32c800 JavaThread "Common-Cleaner" daemon [_thread_blocked, id=15852, stack(0x000000d635f00000,0x000000d636000000)]
  0x0000022bbe45c000 JavaThread "pool-1-thread-1" [_thread_blocked, id=16520, stack(0x000000d636200000,0x000000d636300000)]
  0x0000022bbeb7e000 JavaThread "pool-1-thread-2" [_thread_blocked, id=11996, stack(0x000000d636300000,0x000000d636400000)]
  0x0000022bbed9d000 JavaThread "pool-1-thread-3" [_thread_blocked, id=4184, stack(0x000000d636400000,0x000000d636500000)]
  0x0000022bbed9d800 JavaThread "pool-1-thread-4" [_thread_blocked, id=15636, stack(0x000000d636500000,0x000000d636600000)]
  0x0000022bbebbd000 JavaThread "pool-1-thread-5" [_thread_blocked, id=18436, stack(0x000000d636600000,0x000000d636700000)]
  0x0000022bc0168800 JavaThread "C2 CompilerThread1" daemon [_thread_blocked, id=19388, stack(0x000000d636000000,0x000000d636100000)]
  0x0000022bc27b8800 JavaThread "JNA Cleaner" daemon [_thread_blocked, id=14080, stack(0x000000d637000000,0x000000d637100000)]
  0x0000022bc1240800 JavaThread "classloader-cache-cleanup-0" daemon [_thread_blocked, id=17816, stack(0x000000d637200000,0x000000d637300000)]
  0x0000022bc123e000 JavaThread "sbt-command-exchange-fastTrack" daemon [_thread_blocked, id=16040, stack(0x000000d637300000,0x000000d637400000)]
  0x0000022bc1242000 JavaThread "scala-execution-context-global-26" daemon [_thread_blocked, id=1672, stack(0x000000d636700000,0x000000d636800000)]
  0x0000022bc123f800 JavaThread "scala-execution-context-global-27" daemon [_thread_blocked, id=5804, stack(0x000000d637400000,0x000000d637500000)]
  0x0000022bc1244000 JavaThread "scala-execution-context-global-28" daemon [_thread_blocked, id=9692, stack(0x000000d637500000,0x000000d637600000)]
  0x0000022bc1241800 JavaThread "scala-execution-context-global-29" daemon [_thread_blocked, id=18832, stack(0x000000d637600000,0x000000d637700000)]
  0x0000022bc1244800 JavaThread "scala-execution-context-global-30" daemon [_thread_blocked, id=19288, stack(0x000000d637700000,0x000000d637800000)]
  0x0000022bc1243000 JavaThread "scala-execution-context-global-32" daemon [_thread_blocked, id=16092, stack(0x000000d637800000,0x000000d637900000)]
  0x0000022bc1fbc800 JavaThread "scala-execution-context-global-31" daemon [_thread_blocked, id=9312, stack(0x000000d637900000,0x000000d637a00000)]
  0x0000022bc1fbe000 JavaThread "scala-execution-context-global-33" daemon [_thread_blocked, id=7424, stack(0x000000d637a00000,0x000000d637b00000)]
  0x0000022bc726f800 JavaThread "C2 CompilerThread2" daemon [_thread_blocked, id=10348, stack(0x000000d636f00000,0x000000d637000000)]
  0x0000022bc1fbe800 JavaThread "FileSystemWatchService" daemon [_thread_in_native, id=7832, stack(0x000000d637c00000,0x000000d637d00000)]
  0x0000022bc1fc1000 JavaThread "NioPathWatcher-loop-thread-1" daemon [_thread_blocked, id=8248, stack(0x000000d637d00000,0x000000d637e00000)]
  0x0000022bc1fbb800 JavaThread "com.swoval.files.SymlinkWather.callback-executor-1" [_thread_blocked, id=18116, stack(0x000000d637f00000,0x000000d638000000)]
  0x0000022bc1fc2000 JavaThread "FileTreeRepository-callback-executor-1" [_thread_blocked, id=10264, stack(0x000000d638000000,0x000000d638100000)]
  0x0000022bc1fc3000 JavaThread "FileSystemWatchService" daemon [_thread_in_native, id=4532, stack(0x000000d638100000,0x000000d638200000)]
  0x0000022bc1fbd000 JavaThread "NioPathWatcher-loop-thread-2" daemon [_thread_blocked, id=17756, stack(0x000000d638200000,0x000000d638300000)]
  0x0000022bc1fc7800 JavaThread "FileSystemWatchService" daemon [_thread_in_native, id=8940, stack(0x000000d638300000,0x000000d638400000)]
  0x0000022bc1fca000 JavaThread "NioPathWatcher-loop-thread-3" daemon [_thread_blocked, id=17464, stack(0x000000d638400000,0x000000d638500000)]
  0x0000022bc1fc6000 JavaThread "com.swoval.files.SymlinkWather.callback-executor-1" [_thread_blocked, id=3056, stack(0x000000d638500000,0x000000d638600000)]
  0x0000022bc1fc7000 JavaThread "FileTreeRepository-callback-executor-1" [_thread_blocked, id=15548, stack(0x000000d638600000,0x000000d638700000)]
  0x0000022bc1fc8800 JavaThread "FileSystemWatchService" daemon [_thread_blocked, id=2152, stack(0x000000d638700000,0x000000d638800000)]
  0x0000022bc1fc4800 JavaThread "NioPathWatcher-loop-thread-4" daemon [_thread_blocked, id=19336, stack(0x000000d638800000,0x000000d638900000)]
  0x0000022bc1fc5800 JavaThread "sbt-socket-server" [_thread_in_native, id=14440, stack(0x000000d637b00000,0x000000d637c00000)]
  0x0000022bc1fc0800 JavaThread "dumb non blocking reader thread" daemon [_thread_blocked, id=17328, stack(0x000000d637e00000,0x000000d637f00000)]
  0x0000022bc00b9000 JavaThread "sbt-task-progress-report-thread" [_thread_blocked, id=12104, stack(0x000000d638b00000,0x000000d638c00000)]
  0x0000022bc00b9800 JavaThread "pool-9-thread-1" [_thread_blocked, id=10660, stack(0x000000d638c00000,0x000000d638d00000)]
  0x0000022bc00b7000 JavaThread "sbt-progress-report-scheduler" [_thread_blocked, id=1844, stack(0x000000d638d00000,0x000000d638e00000)]
  0x0000022bc00b5000 JavaThread "pool-9-thread-2" [_thread_blocked, id=18784, stack(0x000000d638e00000,0x000000d638f00000)]
  0x0000022bc00b4000 JavaThread "pool-9-thread-3" [_thread_blocked, id=4036, stack(0x000000d638f00000,0x000000d639000000)]
  0x0000022bc00bb800 JavaThread "pool-9-thread-4" [_thread_blocked, id=8100, stack(0x000000d639000000,0x000000d639100000)]
  0x0000022bc00ba800 JavaThread "pool-9-thread-5" [_thread_blocked, id=18656, stack(0x000000d639100000,0x000000d639200000)]
  0x0000022bc00b5800 JavaThread "pool-9-thread-6" [_thread_blocked, id=11268, stack(0x000000d639200000,0x000000d639300000)]
  0x0000022bc00bc000 JavaThread "pool-9-thread-7" [_thread_blocked, id=7624, stack(0x000000d639300000,0x000000d639400000)]
  0x0000022bc00b6800 JavaThread "pool-9-thread-8" [_thread_blocked, id=13140, stack(0x000000d639400000,0x000000d639500000)]
  0x0000022bc00c0000 JavaThread "pool-9-thread-9" [_thread_blocked, id=9488, stack(0x000000d639500000,0x000000d639600000)]
  0x0000022bc00bd000 JavaThread "pool-9-thread-10" [_thread_blocked, id=13720, stack(0x000000d639600000,0x000000d639700000)]
  0x0000022bc00bf800 JavaThread "ForkJoinPool.commonPool-worker-3" daemon [_thread_blocked, id=15904, stack(0x000000d639700000,0x000000d639800000)]

Other Threads:
=>0x0000022bbd814000 VMThread "VM Thread" [stack: 0x000000d635500000,0x000000d635600000] [id=13892]
  0x0000022bbe329800 WatcherThread [stack: 0x000000d635e00000,0x000000d635f00000] [id=17204]
  0x0000022b9e280800 GCTaskThread "GC Thread#0" [stack: 0x000000d635000000,0x000000d635100000] [id=12824]
  0x0000022bbe814800 GCTaskThread "GC Thread#1" [stack: 0x000000d636100000,0x000000d636200000] [id=13528]
  0x0000022bbe9a7800 GCTaskThread "GC Thread#2" [stack: 0x000000d636800000,0x000000d636900000] [id=12872]
  0x0000022bc1212000 GCTaskThread "GC Thread#3" [stack: 0x000000d636900000,0x000000d636a00000] [id=18088]
  0x0000022bc1212800 GCTaskThread "GC Thread#4" [stack: 0x000000d636a00000,0x000000d636b00000] [id=10164]
  0x0000022bc1213000 GCTaskThread "GC Thread#5" [stack: 0x000000d636b00000,0x000000d636c00000] [id=17100]
  0x0000022bc125c000 GCTaskThread "GC Thread#6" [stack: 0x000000d636c00000,0x000000d636d00000] [id=17584]
  0x0000022bc125c800 GCTaskThread "GC Thread#7" [stack: 0x000000d636d00000,0x000000d636e00000] [id=17604]
  0x0000022b9e2ab000 ConcurrentGCThread "G1 Main Marker" [stack: 0x000000d635100000,0x000000d635200000] [id=10456]
  0x0000022b9e2ad800 ConcurrentGCThread "G1 Conc#0" [stack: 0x000000d635200000,0x000000d635300000] [id=13876]
  0x0000022bbf5d5800 ConcurrentGCThread "G1 Conc#1" [stack: 0x000000d636e00000,0x000000d636f00000] [id=10512]
  0x0000022b9e33e000 ConcurrentGCThread "G1 Refine#0" [stack: 0x000000d635300000,0x000000d635400000] [id=12424]
  0x0000022bbf1d8800 ConcurrentGCThread "G1 Refine#1" [stack: 0x000000d637100000,0x000000d637200000] [id=18272]
  0x0000022bc3eca800 ConcurrentGCThread "G1 Refine#2" [stack: 0x000000d638900000,0x000000d638a00000] [id=6284]
  0x0000022bc6170800 ConcurrentGCThread "G1 Refine#3" [stack: 0x000000d638a00000,0x000000d638b00000] [id=13396]
  0x0000022b9e33f000 ConcurrentGCThread "G1 Young RemSet Sampling" [stack: 0x000000d635400000,0x000000d635500000] [id=13988]

Threads with active compile tasks:
C2 CompilerThread0    12991 11453 %     4       sjsonnew.shaded.org.typelevel.jawn.Parser::rparse @ 0 (824 bytes)
C2 CompilerThread1    12991 11594       4       sjsonnew.Unbuilder::beginObject (443 bytes)
C2 CompilerThread2    12991 11592       4       sjsonnew.StandardFormats$OptionFormat::read (7 bytes)

VM state:at safepoint (normal execution)

VM Mutex/Monitor currently owned by a thread:  ([mutex/lock_event])
[0x0000022b9e268b00] Threads_lock - owner thread: 0x0000022bbd814000
[0x0000022b9e268dd0] Heap_lock - owner thread: 0x0000022bc00c0000

Heap address: 0x0000000091800000, size: 1768 MB, Compressed Oops mode: 32-bit
Narrow klass base: 0x0000000000000000, Narrow klass shift: 3
Compressed class space size: 1073741824 Address: 0x0000000100000000

Heap:
 garbage-first heap   total 210944K, used 80249K [0x0000000091800000, 0x0000000100000000)
  region size 1024K, 7 young (7168K), 7 survivors (7168K)
 Metaspace       used 103155K, capacity 111776K, committed 111828K, reserved 1140736K
  class space    used 16342K, capacity 20948K, committed 20948K, reserved 1048576K
Heap Regions: E=young(eden), S=young(survivor), O=old, HS=humongous(starts), HC=humongous(continues), CS=collection set, F=free, A=archive, TAMS=top-at-mark-start (previous, next)
|   0|0x0000000091800000, 0x0000000091900000, 0x0000000091900000|100%| O|  |TAMS 0x0000000091900000, 0x0000000091800000| Untracked 
|   1|0x0000000091900000, 0x0000000091a00000, 0x0000000091a00000|100%| O|  |TAMS 0x0000000091a00000, 0x0000000091900000| Untracked 
|   2|0x0000000091a00000, 0x0000000091b00000, 0x0000000091b00000|100%| O|  |TAMS 0x0000000091b00000, 0x0000000091a00000| Untracked 
|   3|0x0000000091b00000, 0x0000000091c00000, 0x0000000091c00000|100%| O|  |TAMS 0x0000000091c00000, 0x0000000091b00000| Untracked 
|   4|0x0000000091c00000, 0x0000000091d00000, 0x0000000091d00000|100%| O|  |TAMS 0x0000000091d00000, 0x0000000091c00000| Untracked 
|   5|0x0000000091d00000, 0x0000000091e00000, 0x0000000091e00000|100%| O|  |TAMS 0x0000000091e00000, 0x0000000091d00000| Untracked 
|   6|0x0000000091e00000, 0x0000000091f00000, 0x0000000091f00000|100%| O|  |TAMS 0x0000000091f00000, 0x0000000091e00000| Untracked 
|   7|0x0000000091f00000, 0x0000000092000000, 0x0000000092000000|100%| O|  |TAMS 0x0000000092000000, 0x0000000091f00000| Untracked 
|   8|0x0000000092000000, 0x0000000092100000, 0x0000000092100000|100%| O|  |TAMS 0x0000000092100000, 0x0000000092000000| Untracked 
|   9|0x0000000092100000, 0x0000000092200000, 0x0000000092200000|100%| O|  |TAMS 0x0000000092200000, 0x0000000092100000| Untracked 
|  10|0x0000000092200000, 0x0000000092300000, 0x0000000092300000|100%| O|  |TAMS 0x0000000092300000, 0x0000000092200000| Untracked 
|  11|0x0000000092300000, 0x0000000092400000, 0x0000000092400000|100%| O|  |TAMS 0x0000000092400000, 0x0000000092300000| Untracked 
|  12|0x0000000092400000, 0x0000000092500000, 0x0000000092500000|100%| O|  |TAMS 0x0000000092500000, 0x0000000092400000| Untracked 
|  13|0x0000000092500000, 0x0000000092600000, 0x0000000092600000|100%| O|  |TAMS 0x0000000092600000, 0x0000000092500000| Untracked 
|  14|0x0000000092600000, 0x0000000092700000, 0x0000000092700000|100%| O|  |TAMS 0x0000000092700000, 0x0000000092600000| Untracked 
|  15|0x0000000092700000, 0x0000000092800000, 0x0000000092800000|100%| O|  |TAMS 0x0000000092700000, 0x0000000092700000| Untracked 
|  16|0x0000000092800000, 0x0000000092900000, 0x0000000092900000|100%| O|  |TAMS 0x0000000092800000, 0x0000000092800000| Untracked 
|  17|0x0000000092900000, 0x0000000092a00000, 0x0000000092a00000|100%| O|  |TAMS 0x0000000092900000, 0x0000000092900000| Untracked 
|  18|0x0000000092a00000, 0x0000000092b00000, 0x0000000092b00000|100%| O|  |TAMS 0x0000000092a00000, 0x0000000092a00000| Untracked 
|  19|0x0000000092b00000, 0x0000000092c00000, 0x0000000092c00000|100%| O|  |TAMS 0x0000000092b00000, 0x0000000092b00000| Untracked 
|  20|0x0000000092c00000, 0x0000000092d00000, 0x0000000092d00000|100%| O|  |TAMS 0x0000000092c00000, 0x0000000092c00000| Untracked 
|  21|0x0000000092d00000, 0x0000000092e00000, 0x0000000092e00000|100%| O|  |TAMS 0x0000000092d00000, 0x0000000092d00000| Untracked 
|  22|0x0000000092e00000, 0x0000000092f00000, 0x0000000092f00000|100%| O|  |TAMS 0x0000000092e00000, 0x0000000092e00000| Untracked 
|  23|0x0000000092f00000, 0x0000000093000000, 0x0000000093000000|100%| O|  |TAMS 0x0000000092f00000, 0x0000000092f00000| Untracked 
|  24|0x0000000093000000, 0x0000000093100000, 0x0000000093100000|100%| O|  |TAMS 0x0000000093000000, 0x0000000093000000| Untracked 
|  25|0x0000000093100000, 0x0000000093200000, 0x0000000093200000|100%| O|  |TAMS 0x0000000093100000, 0x0000000093100000| Untracked 
|  26|0x0000000093200000, 0x0000000093300000, 0x0000000093300000|100%| O|  |TAMS 0x0000000093200000, 0x0000000093200000| Untracked 
|  27|0x0000000093300000, 0x0000000093400000, 0x0000000093400000|100%| O|  |TAMS 0x0000000093300000, 0x0000000093300000| Untracked 
|  28|0x0000000093400000, 0x0000000093500000, 0x0000000093500000|100%| O|  |TAMS 0x0000000093400000, 0x0000000093400000| Untracked 
|  29|0x0000000093500000, 0x0000000093600000, 0x0000000093600000|100%| O|  |TAMS 0x0000000093500000, 0x0000000093500000| Untracked 
|  30|0x0000000093600000, 0x0000000093700000, 0x0000000093700000|100%|HS|  |TAMS 0x0000000093600000, 0x0000000093600000| Complete 
|  31|0x0000000093700000, 0x0000000093800000, 0x0000000093800000|100%|HC|  |TAMS 0x0000000093700000, 0x0000000093700000| Complete 
|  32|0x0000000093800000, 0x0000000093900000, 0x0000000093900000|100%| O|  |TAMS 0x0000000093800000, 0x0000000093800000| Untracked 
|  33|0x0000000093900000, 0x0000000093a00000, 0x0000000093a00000|100%| O|  |TAMS 0x0000000093900000, 0x0000000093900000| Untracked 
|  34|0x0000000093a00000, 0x0000000093b00000, 0x0000000093b00000|100%| O|  |TAMS 0x0000000093a00000, 0x0000000093a00000| Untracked 
|  35|0x0000000093b00000, 0x0000000093c00000, 0x0000000093c00000|100%| O|  |TAMS 0x0000000093b00000, 0x0000000093b00000| Untracked 
|  36|0x0000000093c00000, 0x0000000093d00000, 0x0000000093d00000|100%| O|  |TAMS 0x0000000093c00000, 0x0000000093c00000| Untracked 
|  37|0x0000000093d00000, 0x0000000093e00000, 0x0000000093e00000|100%| O|  |TAMS 0x0000000093d00000, 0x0000000093d00000| Untracked 
|  38|0x0000000093e00000, 0x0000000093f00000, 0x0000000093f00000|100%| O|  |TAMS 0x0000000093e00000, 0x0000000093e00000| Untracked 
|  39|0x0000000093f00000, 0x0000000094000000, 0x0000000094000000|100%| O|  |TAMS 0x0000000093f00000, 0x0000000093f00000| Untracked 
|  40|0x0000000094000000, 0x0000000094100000, 0x0000000094100000|100%| O|  |TAMS 0x0000000094000000, 0x0000000094000000| Untracked 
|  41|0x0000000094100000, 0x0000000094200000, 0x0000000094200000|100%| O|  |TAMS 0x0000000094100000, 0x0000000094100000| Untracked 
|  42|0x0000000094200000, 0x0000000094300000, 0x0000000094300000|100%| O|  |TAMS 0x0000000094200000, 0x0000000094200000| Untracked 
|  43|0x0000000094300000, 0x0000000094400000, 0x0000000094400000|100%| O|  |TAMS 0x0000000094300000, 0x0000000094300000| Untracked 
|  44|0x0000000094400000, 0x0000000094500000, 0x0000000094500000|100%| O|  |TAMS 0x0000000094400000, 0x0000000094400000| Untracked 
|  45|0x0000000094500000, 0x0000000094600000, 0x0000000094600000|100%| O|  |TAMS 0x0000000094500000, 0x0000000094500000| Untracked 
|  46|0x0000000094600000, 0x0000000094700000, 0x0000000094700000|100%|HS|  |TAMS 0x0000000094600000, 0x0000000094600000| Complete 
|  47|0x0000000094700000, 0x0000000094800000, 0x0000000094800000|100%|HC|  |TAMS 0x0000000094700000, 0x0000000094700000| Complete 
|  48|0x0000000094800000, 0x0000000094900000, 0x0000000094900000|100%| O|  |TAMS 0x0000000094800000, 0x0000000094800000| Untracked 
|  49|0x0000000094900000, 0x0000000094a00000, 0x0000000094a00000|100%| O|  |TAMS 0x0000000094900000, 0x0000000094900000| Untracked 
|  50|0x0000000094a00000, 0x0000000094b00000, 0x0000000094b00000|100%| O|  |TAMS 0x0000000094a00000, 0x0000000094a00000| Untracked 
|  51|0x0000000094b00000, 0x0000000094c00000, 0x0000000094c00000|100%| O|  |TAMS 0x0000000094b00000, 0x0000000094b00000| Untracked 
|  52|0x0000000094c00000, 0x0000000094d00000, 0x0000000094d00000|100%| O|  |TAMS 0x0000000094c00000, 0x0000000094c00000| Untracked 
|  53|0x0000000094d00000, 0x0000000094e00000, 0x0000000094e00000|100%| O|  |TAMS 0x0000000094d00000, 0x0000000094d00000| Untracked 
|  54|0x0000000094e00000, 0x0000000094f00000, 0x0000000094f00000|100%| O|  |TAMS 0x0000000094f00000, 0x0000000094e00000| Untracked 
|  55|0x0000000094f00000, 0x0000000095000000, 0x0000000095000000|100%| O|  |TAMS 0x0000000095000000, 0x0000000094f00000| Untracked 
|  56|0x0000000095000000, 0x0000000095100000, 0x0000000095100000|100%| O|  |TAMS 0x0000000095100000, 0x0000000095000000| Untracked 
|  57|0x0000000095100000, 0x0000000095200000, 0x0000000095200000|100%| O|  |TAMS 0x0000000095100000, 0x0000000095100000| Untracked 
|  58|0x0000000095200000, 0x0000000095300000, 0x0000000095300000|100%| O|  |TAMS 0x0000000095200000, 0x0000000095200000| Untracked 
|  59|0x0000000095300000, 0x0000000095400000, 0x0000000095400000|100%| O|  |TAMS 0x0000000095300000, 0x0000000095300000| Untracked 
|  60|0x0000000095400000, 0x0000000095500000, 0x0000000095500000|100%| O|  |TAMS 0x0000000095400000, 0x0000000095400000| Untracked 
|  61|0x0000000095500000, 0x0000000095600000, 0x0000000095600000|100%| O|  |TAMS 0x0000000095500000, 0x0000000095500000| Untracked 
|  62|0x0000000095600000, 0x0000000095700000, 0x0000000095700000|100%| O|  |TAMS 0x0000000095600000, 0x0000000095600000| Untracked 
|  63|0x0000000095700000, 0x0000000095800000, 0x0000000095800000|100%| O|  |TAMS 0x0000000095700000, 0x0000000095700000| Untracked 
|  64|0x0000000095800000, 0x0000000095900000, 0x0000000095900000|100%| O|  |TAMS 0x0000000095800000, 0x0000000095800000| Untracked 
|  65|0x0000000095900000, 0x0000000095a00000, 0x0000000095a00000|100%| O|  |TAMS 0x0000000095900000, 0x0000000095900000| Untracked 
|  66|0x0000000095a00000, 0x0000000095af8200, 0x0000000095b00000| 96%| O|  |TAMS 0x0000000095a00000, 0x0000000095a00000| Untracked 
|  67|0x0000000095b00000, 0x0000000095b00000, 0x0000000095c00000|  0%| F|  |TAMS 0x0000000095b00000, 0x0000000095b00000| Untracked 
|  68|0x0000000095c00000, 0x0000000095c00000, 0x0000000095d00000|  0%| F|  |TAMS 0x0000000095c00000, 0x0000000095c00000| Untracked 
|  69|0x0000000095d00000, 0x0000000095d00000, 0x0000000095e00000|  0%| F|  |TAMS 0x0000000095d00000, 0x0000000095d00000| Untracked 
|  70|0x0000000095e00000, 0x0000000095e00000, 0x0000000095f00000|  0%| F|  |TAMS 0x0000000095e00000, 0x0000000095e00000| Untracked 
|  71|0x0000000095f00000, 0x0000000095f00000, 0x0000000096000000|  0%| F|  |TAMS 0x0000000095f00000, 0x0000000095f00000| Untracked 
|  72|0x0000000096000000, 0x0000000096000000, 0x0000000096100000|  0%| F|  |TAMS 0x0000000096000000, 0x0000000096000000| Untracked 
|  73|0x0000000096100000, 0x0000000096100000, 0x0000000096200000|  0%| F|  |TAMS 0x0000000096100000, 0x0000000096100000| Untracked 
|  74|0x0000000096200000, 0x0000000096200000, 0x0000000096300000|  0%| F|  |TAMS 0x0000000096200000, 0x0000000096200000| Untracked 
|  75|0x0000000096300000, 0x0000000096300000, 0x0000000096400000|  0%| F|  |TAMS 0x0000000096300000, 0x0000000096300000| Untracked 
|  76|0x0000000096400000, 0x0000000096400000, 0x0000000096500000|  0%| F|  |TAMS 0x0000000096400000, 0x0000000096400000| Untracked 
|  77|0x0000000096500000, 0x0000000096500000, 0x0000000096600000|  0%| F|  |TAMS 0x0000000096500000, 0x0000000096500000| Untracked 
|  78|0x0000000096600000, 0x0000000096600000, 0x0000000096700000|  0%| F|  |TAMS 0x0000000096600000, 0x0000000096600000| Untracked 
|  79|0x0000000096700000, 0x0000000096700000, 0x0000000096800000|  0%| F|  |TAMS 0x0000000096700000, 0x0000000096700000| Untracked 
|  80|0x0000000096800000, 0x0000000096800000, 0x0000000096900000|  0%| F|  |TAMS 0x0000000096800000, 0x0000000096800000| Untracked 
|  81|0x0000000096900000, 0x0000000096900000, 0x0000000096a00000|  0%| F|  |TAMS 0x0000000096900000, 0x0000000096900000| Untracked 
|  82|0x0000000096a00000, 0x0000000096a00000, 0x0000000096b00000|  0%| F|  |TAMS 0x0000000096a00000, 0x0000000096a00000| Untracked 
|  83|0x0000000096b00000, 0x0000000096b00000, 0x0000000096c00000|  0%| F|  |TAMS 0x0000000096b00000, 0x0000000096b00000| Untracked 
|  84|0x0000000096c00000, 0x0000000096c00000, 0x0000000096d00000|  0%| F|  |TAMS 0x0000000096c00000, 0x0000000096c00000| Untracked 
|  85|0x0000000096d00000, 0x0000000096d00000, 0x0000000096e00000|  0%| F|  |TAMS 0x0000000096d00000, 0x0000000096d00000| Untracked 
|  86|0x0000000096e00000, 0x0000000096e00000, 0x0000000096f00000|  0%| F|  |TAMS 0x0000000096e00000, 0x0000000096e00000| Untracked 
|  87|0x0000000096f00000, 0x0000000096f00000, 0x0000000097000000|  0%| F|  |TAMS 0x0000000096f00000, 0x0000000096f00000| Untracked 
|  88|0x0000000097000000, 0x0000000097000000, 0x0000000097100000|  0%| F|  |TAMS 0x0000000097000000, 0x0000000097000000| Untracked 
|  89|0x0000000097100000, 0x0000000097100000, 0x0000000097200000|  0%| F|  |TAMS 0x0000000097100000, 0x0000000097100000| Untracked 
|  90|0x0000000097200000, 0x0000000097200000, 0x0000000097300000|  0%| F|  |TAMS 0x0000000097200000, 0x0000000097200000| Untracked 
|  91|0x0000000097300000, 0x0000000097300000, 0x0000000097400000|  0%| F|  |TAMS 0x0000000097300000, 0x0000000097300000| Untracked 
|  92|0x0000000097400000, 0x0000000097400000, 0x0000000097500000|  0%| F|  |TAMS 0x0000000097400000, 0x0000000097400000| Untracked 
|  93|0x0000000097500000, 0x0000000097500000, 0x0000000097600000|  0%| F|  |TAMS 0x0000000097500000, 0x0000000097500000| Untracked 
|  94|0x0000000097600000, 0x0000000097600000, 0x0000000097700000|  0%| F|  |TAMS 0x0000000097600000, 0x0000000097600000| Untracked 
|  95|0x0000000097700000, 0x0000000097700000, 0x0000000097800000|  0%| F|  |TAMS 0x0000000097700000, 0x0000000097700000| Untracked 
|  96|0x0000000097800000, 0x0000000097800000, 0x0000000097900000|  0%| F|  |TAMS 0x0000000097800000, 0x0000000097800000| Untracked 
|  97|0x0000000097900000, 0x0000000097900000, 0x0000000097a00000|  0%| F|  |TAMS 0x0000000097900000, 0x0000000097900000| Untracked 
|  98|0x0000000097a00000, 0x0000000097a00000, 0x0000000097b00000|  0%| F|  |TAMS 0x0000000097a00000, 0x0000000097a00000| Untracked 
|  99|0x0000000097b00000, 0x0000000097b00000, 0x0000000097c00000|  0%| F|  |TAMS 0x0000000097b00000, 0x0000000097b00000| Untracked 
| 100|0x0000000097c00000, 0x0000000097c00000, 0x0000000097d00000|  0%| F|  |TAMS 0x0000000097c00000, 0x0000000097c00000| Untracked 
| 101|0x0000000097d00000, 0x0000000097d00000, 0x0000000097e00000|  0%| F|  |TAMS 0x0000000097d00000, 0x0000000097d00000| Untracked 
| 102|0x0000000097e00000, 0x0000000097e00000, 0x0000000097f00000|  0%| F|  |TAMS 0x0000000097e00000, 0x0000000097e00000| Untracked 
| 103|0x0000000097f00000, 0x0000000097f00000, 0x0000000098000000|  0%| F|  |TAMS 0x0000000097f00000, 0x0000000097f00000| Untracked 
| 104|0x0000000098000000, 0x0000000098066340, 0x0000000098100000| 39%| S|CS|TAMS 0x0000000098000000, 0x0000000098000000| Complete 
| 105|0x0000000098100000, 0x0000000098200000, 0x0000000098200000|100%| S|CS|TAMS 0x0000000098100000, 0x0000000098100000| Complete 
| 106|0x0000000098200000, 0x0000000098300000, 0x0000000098300000|100%| S|CS|TAMS 0x0000000098200000, 0x0000000098200000| Complete 
| 107|0x0000000098300000, 0x0000000098400000, 0x0000000098400000|100%| S|CS|TAMS 0x0000000098300000, 0x0000000098300000| Complete 
| 108|0x0000000098400000, 0x0000000098500000, 0x0000000098500000|100%| S|CS|TAMS 0x0000000098400000, 0x0000000098400000| Complete 
| 109|0x0000000098500000, 0x0000000098600000, 0x0000000098600000|100%| S|CS|TAMS 0x0000000098500000, 0x0000000098500000| Complete 
| 110|0x0000000098600000, 0x0000000098700000, 0x0000000098700000|100%| S|CS|TAMS 0x0000000098600000, 0x0000000098600000| Complete 
| 111|0x0000000098700000, 0x0000000098700000, 0x0000000098800000|  0%| F|  |TAMS 0x0000000098700000, 0x0000000098700000| Untracked 
| 112|0x0000000098800000, 0x0000000098800000, 0x0000000098900000|  0%| F|  |TAMS 0x0000000098800000, 0x0000000098800000| Untracked 
| 113|0x0000000098900000, 0x0000000098900000, 0x0000000098a00000|  0%| F|  |TAMS 0x0000000098900000, 0x0000000098900000| Untracked 
| 114|0x0000000098a00000, 0x0000000098a00000, 0x0000000098b00000|  0%| F|  |TAMS 0x0000000098a00000, 0x0000000098a00000| Untracked 
| 115|0x0000000098b00000, 0x0000000098b00000, 0x0000000098c00000|  0%| F|  |TAMS 0x0000000098b00000, 0x0000000098b00000| Untracked 
| 116|0x0000000098c00000, 0x0000000098c00000, 0x0000000098d00000|  0%| F|  |TAMS 0x0000000098c00000, 0x0000000098c00000| Untracked 
| 117|0x0000000098d00000, 0x0000000098d00000, 0x0000000098e00000|  0%| F|  |TAMS 0x0000000098d00000, 0x0000000098d00000| Untracked 
| 118|0x0000000098e00000, 0x0000000098e00000, 0x0000000098f00000|  0%| F|  |TAMS 0x0000000098e00000, 0x0000000098e00000| Untracked 
| 119|0x0000000098f00000, 0x0000000098f00000, 0x0000000099000000|  0%| F|  |TAMS 0x0000000098f00000, 0x0000000098f00000| Untracked 
| 120|0x0000000099000000, 0x0000000099000000, 0x0000000099100000|  0%| F|  |TAMS 0x0000000099000000, 0x0000000099000000| Untracked 
| 121|0x0000000099100000, 0x0000000099100000, 0x0000000099200000|  0%| F|  |TAMS 0x0000000099100000, 0x0000000099100000| Untracked 
| 122|0x0000000099200000, 0x0000000099200000, 0x0000000099300000|  0%| F|  |TAMS 0x0000000099200000, 0x0000000099200000| Untracked 
| 123|0x0000000099300000, 0x0000000099300000, 0x0000000099400000|  0%| F|  |TAMS 0x0000000099300000, 0x0000000099300000| Untracked 
| 124|0x0000000099400000, 0x0000000099400000, 0x0000000099500000|  0%| F|  |TAMS 0x0000000099400000, 0x0000000099400000| Untracked 
| 125|0x0000000099500000, 0x0000000099500000, 0x0000000099600000|  0%| F|  |TAMS 0x0000000099500000, 0x0000000099500000| Untracked 
| 126|0x0000000099600000, 0x0000000099600000, 0x0000000099700000|  0%| F|  |TAMS 0x0000000099600000, 0x0000000099600000| Untracked 
| 127|0x0000000099700000, 0x0000000099700000, 0x0000000099800000|  0%| F|  |TAMS 0x0000000099700000, 0x0000000099700000| Untracked 
| 128|0x0000000099800000, 0x0000000099800000, 0x0000000099900000|  0%| F|  |TAMS 0x0000000099800000, 0x0000000099800000| Untracked 
| 129|0x0000000099900000, 0x0000000099900000, 0x0000000099a00000|  0%| F|  |TAMS 0x0000000099900000, 0x0000000099900000| Untracked 
| 130|0x0000000099a00000, 0x0000000099a00000, 0x0000000099b00000|  0%| F|  |TAMS 0x0000000099a00000, 0x0000000099a00000| Untracked 
| 131|0x0000000099b00000, 0x0000000099b00000, 0x0000000099c00000|  0%| F|  |TAMS 0x0000000099b00000, 0x0000000099b00000| Untracked 
| 132|0x0000000099c00000, 0x0000000099c00000, 0x0000000099d00000|  0%| F|  |TAMS 0x0000000099c00000, 0x0000000099c00000| Untracked 
| 133|0x0000000099d00000, 0x0000000099d00000, 0x0000000099e00000|  0%| F|  |TAMS 0x0000000099d00000, 0x0000000099d00000| Untracked 
| 134|0x0000000099e00000, 0x0000000099e00000, 0x0000000099f00000|  0%| F|  |TAMS 0x0000000099e00000, 0x0000000099e00000| Untracked 
| 135|0x0000000099f00000, 0x000000009a000000, 0x000000009a000000|100%| O|  |TAMS 0x000000009a000000, 0x0000000099f00000| Untracked 
| 136|0x000000009a000000, 0x000000009a100000, 0x000000009a100000|100%| O|  |TAMS 0x000000009a100000, 0x000000009a000000| Untracked 
| 137|0x000000009a100000, 0x000000009a200000, 0x000000009a200000|100%| O|  |TAMS 0x000000009a200000, 0x000000009a100000| Untracked 
| 138|0x000000009a200000, 0x000000009a200000, 0x000000009a300000|  0%| F|  |TAMS 0x000000009a200000, 0x000000009a200000| Untracked 
| 139|0x000000009a300000, 0x000000009a400000, 0x000000009a400000|100%| O|  |TAMS 0x000000009a400000, 0x000000009a300000| Untracked 
| 140|0x000000009a400000, 0x000000009a400000, 0x000000009a500000|  0%| F|  |TAMS 0x000000009a400000, 0x000000009a400000| Untracked 
| 141|0x000000009a500000, 0x000000009a600000, 0x000000009a600000|100%| O|  |TAMS 0x000000009a53e000, 0x000000009a500000| Untracked 
| 142|0x000000009a600000, 0x000000009a600000, 0x000000009a700000|  0%| F|  |TAMS 0x000000009a600000, 0x000000009a600000| Untracked 
| 143|0x000000009a700000, 0x000000009a700000, 0x000000009a800000|  0%| F|  |TAMS 0x000000009a700000, 0x000000009a700000| Untracked 
| 144|0x000000009a800000, 0x000000009a800000, 0x000000009a900000|  0%| F|  |TAMS 0x000000009a800000, 0x000000009a800000| Untracked 
| 145|0x000000009a900000, 0x000000009a900000, 0x000000009aa00000|  0%| F|  |TAMS 0x000000009a900000, 0x000000009a900000| Untracked 
| 146|0x000000009aa00000, 0x000000009aa00000, 0x000000009ab00000|  0%| F|  |TAMS 0x000000009aa00000, 0x000000009aa00000| Untracked 
| 147|0x000000009ab00000, 0x000000009ab00000, 0x000000009ac00000|  0%| F|  |TAMS 0x000000009ab00000, 0x000000009ab00000| Untracked 
| 148|0x000000009ac00000, 0x000000009ac00000, 0x000000009ad00000|  0%| F|  |TAMS 0x000000009ac00000, 0x000000009ac00000| Untracked 
| 149|0x000000009ad00000, 0x000000009ad00000, 0x000000009ae00000|  0%| F|  |TAMS 0x000000009ad00000, 0x000000009ad00000| Untracked 
| 150|0x000000009ae00000, 0x000000009ae00000, 0x000000009af00000|  0%| F|  |TAMS 0x000000009ae00000, 0x000000009ae00000| Untracked 
| 151|0x000000009af00000, 0x000000009af00000, 0x000000009b000000|  0%| F|  |TAMS 0x000000009af00000, 0x000000009af00000| Untracked 
| 152|0x000000009b000000, 0x000000009b000000, 0x000000009b100000|  0%| F|  |TAMS 0x000000009b000000, 0x000000009b000000| Untracked 
| 153|0x000000009b100000, 0x000000009b100000, 0x000000009b200000|  0%| F|  |TAMS 0x000000009b100000, 0x000000009b100000| Untracked 
| 154|0x000000009b200000, 0x000000009b200000, 0x000000009b300000|  0%| F|  |TAMS 0x000000009b200000, 0x000000009b200000| Untracked 
| 155|0x000000009b300000, 0x000000009b300000, 0x000000009b400000|  0%| F|  |TAMS 0x000000009b300000, 0x000000009b300000| Untracked 
| 156|0x000000009b400000, 0x000000009b400000, 0x000000009b500000|  0%| F|  |TAMS 0x000000009b400000, 0x000000009b400000| Untracked 
| 157|0x000000009b500000, 0x000000009b500000, 0x000000009b600000|  0%| F|  |TAMS 0x000000009b500000, 0x000000009b500000| Untracked 
| 158|0x000000009b600000, 0x000000009b600000, 0x000000009b700000|  0%| F|  |TAMS 0x000000009b600000, 0x000000009b600000| Untracked 
| 159|0x000000009b700000, 0x000000009b700000, 0x000000009b800000|  0%| F|  |TAMS 0x000000009b700000, 0x000000009b700000| Untracked 
| 160|0x000000009b800000, 0x000000009b800000, 0x000000009b900000|  0%| F|  |TAMS 0x000000009b800000, 0x000000009b800000| Untracked 
| 161|0x000000009b900000, 0x000000009b900000, 0x000000009ba00000|  0%| F|  |TAMS 0x000000009b900000, 0x000000009b900000| Untracked 
| 162|0x000000009ba00000, 0x000000009ba00000, 0x000000009bb00000|  0%| F|  |TAMS 0x000000009ba00000, 0x000000009ba00000| Untracked 
| 163|0x000000009bb00000, 0x000000009bb00000, 0x000000009bc00000|  0%| F|  |TAMS 0x000000009bb00000, 0x000000009bb00000| Untracked 
| 164|0x000000009bc00000, 0x000000009bc00000, 0x000000009bd00000|  0%| F|  |TAMS 0x000000009bc00000, 0x000000009bc00000| Untracked 
| 165|0x000000009bd00000, 0x000000009bd00000, 0x000000009be00000|  0%| F|  |TAMS 0x000000009bd00000, 0x000000009bd00000| Untracked 
| 166|0x000000009be00000, 0x000000009be00000, 0x000000009bf00000|  0%| F|  |TAMS 0x000000009be00000, 0x000000009be00000| Untracked 
| 167|0x000000009bf00000, 0x000000009bf00000, 0x000000009c000000|  0%| F|  |TAMS 0x000000009bf00000, 0x000000009bf00000| Untracked 
| 168|0x000000009c000000, 0x000000009c000000, 0x000000009c100000|  0%| F|  |TAMS 0x000000009c000000, 0x000000009c000000| Untracked 
| 169|0x000000009c100000, 0x000000009c100000, 0x000000009c200000|  0%| F|  |TAMS 0x000000009c100000, 0x000000009c100000| Untracked 
| 170|0x000000009c200000, 0x000000009c200000, 0x000000009c300000|  0%| F|  |TAMS 0x000000009c200000, 0x000000009c200000| Untracked 

Card table byte_map: [0x0000022bb6f40000,0x0000022bb72c0000] _byte_map_base: 0x0000022bb6ab4000

Marking Bits (Prev, Next): (CMBitMap*) 0x0000022b9e2a3818, (CMBitMap*) 0x0000022b9e2a3850
 Prev Bits: [0x0000022bb7640000, 0x0000022bb91e0000)
 Next Bits: [0x0000022bb91e0000, 0x0000022bbad80000)

Polling page: 0x0000022ba7100000

Metaspace:

Usage:
  Non-class:     88.70 MB capacity,    84.78 MB ( 96%) used,     2.99 MB (  3%) free+waste,   948.12 KB (  1%) overhead. 
      Class:     20.46 MB capacity,    15.96 MB ( 78%) used,     3.95 MB ( 19%) free+waste,   564.12 KB (  3%) overhead. 
       Both:    109.16 MB capacity,   100.74 MB ( 92%) used,     6.94 MB (  6%) free+waste,     1.48 MB (  1%) overhead. 

Virtual space:
  Non-class space:       90.00 MB reserved,      88.75 MB ( 99%) committed 
      Class space:        1.00 GB reserved,      20.46 MB (  2%) committed 
             Both:        1.09 GB reserved,     109.21 MB ( 10%) committed 

Chunk freelists:
   Non-Class:  6.50 KB
       Class:  0 bytes
        Both:  6.50 KB

CodeHeap 'non-profiled nmethods': size=120000Kb used=6446Kb max_used=6446Kb free=113553Kb
 bounds [0x0000022baebf0000, 0x0000022baf240000, 0x0000022bb6120000]
CodeHeap 'profiled nmethods': size=120000Kb used=23080Kb max_used=23080Kb free=96919Kb
 bounds [0x0000022ba76c0000, 0x0000022ba8d50000, 0x0000022baebf0000]
CodeHeap 'non-nmethods': size=5760Kb used=1408Kb max_used=1451Kb free=4351Kb
 bounds [0x0000022ba7120000, 0x0000022ba7390000, 0x0000022ba76c0000]
 total_blobs=12261 nmethods=11474 adapters=696
 compilation: enabled
              stopped_count=0, restarted_count=0
 full_count=0

Compilation events (10 events):
Event: 12.815 Thread 0x0000022bc726f800 nmethod 11606 0x0000022baf23ae90 code [0x0000022baf23b000, 0x0000022baf23b038]
Event: 12.815 Thread 0x0000022bc726f800 11605       4       scala.collection.mutable.ArrayLike::$init$ (1 bytes)
Event: 12.815 Thread 0x0000022bc726f800 nmethod 11605 0x0000022baf23b090 code [0x0000022baf23b200, 0x0000022baf23b238]
Event: 12.815 Thread 0x0000022bc726f800 11604       4       scala.collection.immutable.Map$MapBuilderImpl::$plus$plus$eq (6 bytes)
Event: 12.816 Thread 0x0000022bc726f800 nmethod 11604 0x0000022baf23b290 code [0x0000022baf23b420, 0x0000022baf23b4a8]
Event: 12.816 Thread 0x0000022bc726f800 11608       4       scala.collection.immutable.VectorPointer::initFrom$ (6 bytes)
Event: 12.817 Thread 0x0000022bc726f800 nmethod 11608 0x0000022baf23b590 code [0x0000022baf23b720, 0x0000022baf23b818]
Event: 12.817 Thread 0x0000022bc726f800 11592       4       sjsonnew.StandardFormats$OptionFormat::read (7 bytes)
Event: 12.855 Thread 0x0000022bbd861000 11614       3       sjsonnew.UnbuilderContext$ObjectContext::next (56 bytes)
Event: 12.857 Thread 0x0000022bbd861000 nmethod 11614 0x0000022ba8d49310 code [0x0000022ba8d49560, 0x0000022ba8d49ec8]

GC Heap History (10 events):
Event: 6.776 GC heap after
{Heap after GC invocations=12 (full 0):
 garbage-first heap   total 145408K, used 43606K [0x0000000091800000, 0x0000000100000000)
  region size 1024K, 8 young (8192K), 8 survivors (8192K)
 Metaspace       used 82387K, capacity 88506K, committed 88788K, reserved 1122304K
  class space    used 12958K, capacity 16281K, committed 16340K, reserved 1048576K
}
Event: 8.116 GC heap before
{Heap before GC invocations=13 (full 0):
 garbage-first heap   total 145408K, used 113238K [0x0000000091800000, 0x0000000100000000)
  region size 1024K, 71 young (72704K), 8 survivors (8192K)
 Metaspace       used 87267K, capacity 93941K, committed 94164K, reserved 1126400K
  class space    used 13724K, capacity 17307K, committed 17364K, reserved 1048576K
}
Event: 8.129 GC heap after
{Heap after GC invocations=14 (full 0):
 garbage-first heap   total 175104K, used 33017K [0x0000000091800000, 0x0000000100000000)
  region size 1024K, 5 young (5120K), 5 survivors (5120K)
 Metaspace       used 87267K, capacity 93941K, committed 94164K, reserved 1126400K
  class space    used 13724K, capacity 17307K, committed 17364K, reserved 1048576K
}
Event: 9.513 GC heap before
{Heap before GC invocations=14 (full 0):
 garbage-first heap   total 175104K, used 118009K [0x0000000091800000, 0x0000000100000000)
  region size 1024K, 87 young (89088K), 5 survivors (5120K)
 Metaspace       used 90953K, capacity 98027K, committed 98260K, reserved 1130496K
  class space    used 14224K, capacity 18008K, committed 18132K, reserved 1048576K
}
Event: 9.530 GC heap after
{Heap after GC invocations=15 (full 0):
 garbage-first heap   total 175104K, used 49530K [0x0000000091800000, 0x0000000100000000)
  region size 1024K, 11 young (11264K), 11 survivors (11264K)
 Metaspace       used 90953K, capacity 98027K, committed 98260K, reserved 1130496K
  class space    used 14224K, capacity 18008K, committed 18132K, reserved 1048576K
}
Event: 11.756 GC heap before
{Heap before GC invocations=15 (full 0):
 garbage-first heap   total 175104K, used 128378K [0x0000000091800000, 0x0000000100000000)
  region size 1024K, 86 young (88064K), 11 survivors (11264K)
 Metaspace       used 99347K, capacity 107468K, committed 107604K, reserved 1136640K
  class space    used 15615K, capacity 19928K, committed 20052K, reserved 1048576K
}
Event: 11.784 GC heap after
{Heap after GC invocations=16 (full 0):
 garbage-first heap   total 175104K, used 63410K [0x0000000091800000, 0x0000000100000000)
  region size 1024K, 11 young (11264K), 11 survivors (11264K)
 Metaspace       used 99347K, capacity 107468K, committed 107604K, reserved 1136640K
  class space    used 15615K, capacity 19928K, committed 20052K, reserved 1048576K
}
Event: 12.522 GC heap before
{Heap before GC invocations=16 (full 0):
 garbage-first heap   total 175104K, used 129970K [0x0000000091800000, 0x0000000100000000)
  region size 1024K, 73 young (74752K), 11 survivors (11264K)
 Metaspace       used 102230K, capacity 110837K, committed 110932K, reserved 1138688K
  class space    used 16217K, capacity 20789K, committed 20820K, reserved 1048576K
}
Event: 12.539 GC heap after
{Heap after GC invocations=17 (full 0):
 garbage-first heap   total 175104K, used 73501K [0x0000000091800000, 0x0000000100000000)
  region size 1024K, 9 young (9216K), 9 survivors (9216K)
 Metaspace       used 102230K, capacity 110837K, committed 110932K, reserved 1138688K
  class space    used 16217K, capacity 20789K, committed 20820K, reserved 1048576K
}
Event: 12.886 GC heap before
{Heap before GC invocations=17 (full 0):
 garbage-first heap   total 175104K, used 128797K [0x0000000091800000, 0x0000000100000000)
  region size 1024K, 64 young (65536K), 9 survivors (9216K)
 Metaspace       used 103155K, capacity 111776K, committed 111828K, reserved 1140736K
  class space    used 16342K, capacity 20948K, committed 20948K, reserved 1048576K
}

Deoptimization events (10 events):
Event: 12.043 Thread 0x0000022bc1242000 Uncommon trap: reason=unstable_if action=reinterpret pc=0x0000022baef73740 method=java.util.concurrent.ConcurrentHashMap.transfer([Ljava/util/concurrent/ConcurrentHashMap$Node;[Ljava/util/concurrent/ConcurrentHashMap$Node;)V @ 259 c2
Event: 12.089 Thread 0x0000022bc00b5800 Uncommon trap: reason=unstable_if action=reinterpret pc=0x0000022baedcca44 method=scala.collection.immutable.HashMap$HashTrieMap.get0(Ljava/lang/Object;II)Lscala/Option; @ 46 c2
Event: 12.237 Thread 0x0000022b9e26c800 Uncommon trap: reason=unstable_if action=reinterpret pc=0x0000022baee4b1f0 method=java.util.concurrent.ConcurrentHashMap$TreeNode.findTreeNode(ILjava/lang/Object;Ljava/lang/Class;)Ljava/util/concurrent/ConcurrentHashMap$TreeNode; @ 43 c2
Event: 12.237 Thread 0x0000022bc00b9000 Uncommon trap: reason=unstable_if action=reinterpret pc=0x0000022baee4b1c4 method=java.util.concurrent.ConcurrentHashMap$TreeNode.findTreeNode(ILjava/lang/Object;Ljava/lang/Class;)Ljava/util/concurrent/ConcurrentHashMap$TreeNode; @ 30 c2
Event: 12.367 Thread 0x0000022bc00c0000 Uncommon trap: reason=unstable_if action=reinterpret pc=0x0000022baee5f42c method=sjsonnew.shaded.org.typelevel.jawn.CharBasedParser.parseStringSimple(ILsjsonnew/shaded/org/typelevel/jawn/FContext;)I @ 67 c2
Event: 12.368 Thread 0x0000022bc00c0000 Uncommon trap: reason=unstable_if action=reinterpret pc=0x0000022baee5806c method=sjsonnew.shaded.org.typelevel.jawn.CharBasedParser.parseStringSimple(ILsjsonnew/shaded/org/typelevel/jawn/FContext;)I @ 67 c2
Event: 12.368 Thread 0x0000022bc00c0000 Uncommon trap: reason=unstable_if action=reinterpret pc=0x0000022baee53254 method=sjsonnew.shaded.org.typelevel.jawn.CharBasedParser.parseStringSimple(ILsjsonnew/shaded/org/typelevel/jawn/FContext;)I @ 67 c2
Event: 12.379 Thread 0x0000022bc00c0000 Uncommon trap: reason=unstable_if action=reinterpret pc=0x0000022baf01ad9c method=java.util.concurrent.TimeUnit.convert(JLjava/util/concurrent/TimeUnit;)J @ 8 c2
Event: 12.772 Thread 0x0000022bc00b9800 Uncommon trap: reason=class_check action=maybe_recompile pc=0x0000022baefd15b8 method=java.io.BufferedReader.fill()V @ 145 c2
Event: 12.773 Thread 0x0000022bc00b9800 Uncommon trap: reason=class_check action=maybe_recompile pc=0x0000022baefd15b8 method=java.io.BufferedReader.fill()V @ 145 c2

Classes redefined (0 events):
No events

Internal exceptions (10 events):
Event: 12.377 Thread 0x0000022bc00c0000 Exception <a 'java/lang/NoSuchMethodError'{0x0000000098ca7d68}: java.lang.invoke.DirectMethodHandle$Holder.invokeStatic(Ljava/lang/Object;Ljava/lang/Object;J)V> (0x0000000098ca7d68) thrown at [./open/src/hotspot/share/interpreter/linkResolver.cpp, line 77
Event: 12.383 Thread 0x0000022bc00c0000 Exception <a 'sun/nio/fs/WindowsException'{0x0000000098cca478}> (0x0000000098cca478) thrown at [./open/src/hotspot/share/prims/jni.cpp, line 611]
Event: 12.386 Thread 0x0000022bc00c0000 Exception <a 'sun/nio/fs/WindowsException'{0x0000000098b027f8}> (0x0000000098b027f8) thrown at [./open/src/hotspot/share/prims/jni.cpp, line 611]
Event: 12.387 Thread 0x0000022bc00c0000 Exception <a 'sun/nio/fs/WindowsException'{0x0000000098b03700}> (0x0000000098b03700) thrown at [./open/src/hotspot/share/prims/jni.cpp, line 611]
Event: 12.392 Thread 0x0000022bc00c0000 Exception <a 'sun/nio/fs/WindowsException'{0x0000000098b3ee18}> (0x0000000098b3ee18) thrown at [./open/src/hotspot/share/prims/jni.cpp, line 611]
Event: 12.394 Thread 0x0000022bc00b9800 Exception <a 'sun/nio/fs/WindowsException'{0x0000000098b34dc8}> (0x0000000098b34dc8) thrown at [./open/src/hotspot/share/prims/jni.cpp, line 611]
Event: 12.478 Thread 0x0000022bc00b9800 Exception <a 'java/lang/NoSuchMethodError'{0x00000000988ceda8}: java.lang.invoke.DirectMethodHandle$Holder.invokeStatic(Ljava/lang/Object;Ljava/lang/Object;Ljava/lang/Object;IILjava/lang/Object;Ljava/lang/Object;)Ljava/lang/Object;> (0x00000000988ceda8) t
Event: 12.479 Thread 0x0000022bc00b9800 Exception <a 'java/lang/NoSuchMethodError'{0x00000000988db358}: java.lang.invoke.DirectMethodHandle$Holder.invokeStatic(Ljava/lang/Object;Ljava/lang/Object;Ljava/lang/Object;IILjava/lang/Object;)Ljava/lang/Object;> (0x00000000988db358) thrown at [./open/s
Event: 12.479 Thread 0x0000022bc00b9800 Exception <a 'java/lang/NoSuchMethodError'{0x00000000988defb8}: java.lang.invoke.DirectMethodHandle$Holder.invokeSpecial(Ljava/lang/Object;Ljava/lang/Object;Ljava/lang/Object;Ljava/lang/Object;IILjava/lang/Object;)Ljava/lang/Object;> (0x00000000988defb8) 
Event: 12.479 Thread 0x0000022bc00b9800 Exception <a 'java/lang/NoSuchMethodError'{0x00000000988e24d8}: java.lang.invoke.Invokers$Holder.linkToTargetMethod(Ljava/lang/Object;Ljava/lang/Object;IILjava/lang/Object;Ljava/lang/Object;)Ljava/lang/Object;> (0x00000000988e24d8) thrown at [./open/src/h

Events (10 events):
Event: 12.861 loading class lmcoursier/internal/shaded/coursier/cache/shaded/dirs/ProjectDirectories done
Event: 12.862 loading class lmcoursier/internal/shaded/coursier/cache/shaded/dirs/UnsupportedOperatingSystemException
Event: 12.862 loading class lmcoursier/internal/shaded/coursier/cache/shaded/dirs/UnsupportedOperatingSystemException done
Event: 12.864 loading class lmcoursier/internal/shaded/coursier/cache/shaded/dirs/Util
Event: 12.864 loading class lmcoursier/internal/shaded/coursier/cache/shaded/dirs/Util done
Event: 12.866 loading class sun/nio/cs/UTF_16LE$Encoder
Event: 12.874 Executing VM operation: G1CollectForAllocation
Event: 12.886 loading class sun/nio/cs/UnicodeEncoder
Event: 12.886 loading class sun/nio/cs/UnicodeEncoder done
Event: 12.886 loading class sun/nio/cs/UTF_16LE$Encoder done


Dynamic libraries:
0x00007ff72f310000 - 0x00007ff72f320000 	C:\Program Files\Java\jdk-11\bin\java.exe
0x00007fff6f690000 - 0x00007fff6f888000 	C:\WINDOWS\SYSTEM32\ntdll.dll
0x00007fff6e590000 - 0x00007fff6e64f000 	C:\WINDOWS\System32\KERNEL32.DLL
0x00007fff6d310000 - 0x00007fff6d606000 	C:\WINDOWS\System32\KERNELBASE.dll
0x00007fff6d160000 - 0x00007fff6d260000 	C:\WINDOWS\System32\ucrtbase.dll
0x00007fff66950000 - 0x00007fff6696b000 	C:\Program Files\Java\jdk-11\bin\VCRUNTIME140.dll
0x00007fff67cd0000 - 0x00007fff67ce8000 	C:\Program Files\Java\jdk-11\bin\jli.dll
0x00007fff6e4e0000 - 0x00007fff6e58f000 	C:\WINDOWS\System32\ADVAPI32.dll
0x00007fff6e650000 - 0x00007fff6e6ee000 	C:\WINDOWS\System32\msvcrt.dll
0x00007fff6e220000 - 0x00007fff6e2bc000 	C:\WINDOWS\System32\sechost.dll
0x00007fff6d7f0000 - 0x00007fff6d916000 	C:\WINDOWS\System32\RPCRT4.dll
0x00007fff6ebf0000 - 0x00007fff6ed8d000 	C:\WINDOWS\System32\USER32.dll
0x00007fff5c140000 - 0x00007fff5c3da000 	C:\WINDOWS\WinSxS\amd64_microsoft.windows.common-controls_6595b64144ccf1df_6.0.19041.1110_none_60b5254171f9507e\COMCTL32.dll
0x00007fff6ce10000 - 0x00007fff6ce32000 	C:\WINDOWS\System32\win32u.dll
0x00007fff6f570000 - 0x00007fff6f59c000 	C:\WINDOWS\System32\GDI32.dll
0x00007fff6ce40000 - 0x00007fff6cf55000 	C:\WINDOWS\System32\gdi32full.dll
0x00007fff6cd70000 - 0x00007fff6ce0d000 	C:\WINDOWS\System32\msvcp_win.dll
0x00007fff62a20000 - 0x00007fff62a2a000 	C:\WINDOWS\SYSTEM32\VERSION.dll
0x00007fff6f540000 - 0x00007fff6f570000 	C:\WINDOWS\System32\IMM32.DLL
0x00007fff68dc0000 - 0x00007fff68dcc000 	C:\Program Files\Java\jdk-11\bin\vcruntime140_1.dll
0x00007fff51fc0000 - 0x00007fff5204e000 	C:\Program Files\Java\jdk-11\bin\msvcp140.dll
0x00007fff2eaf0000 - 0x00007fff2f658000 	C:\Program Files\Java\jdk-11\bin\server\jvm.dll
0x00007fff6ebe0000 - 0x00007fff6ebe8000 	C:\WINDOWS\System32\PSAPI.DLL
0x00007fff59520000 - 0x00007fff59547000 	C:\WINDOWS\SYSTEM32\WINMM.dll
0x00007fff56100000 - 0x00007fff56109000 	C:\WINDOWS\SYSTEM32\WSOCK32.dll
0x00007fff6e6f0000 - 0x00007fff6e75b000 	C:\WINDOWS\System32\WS2_32.dll
0x00007fff6ac90000 - 0x00007fff6aca2000 	C:\WINDOWS\SYSTEM32\kernel.appcore.dll
0x00007fff67d10000 - 0x00007fff67d20000 	C:\Program Files\Java\jdk-11\bin\verify.dll
0x00007fff63300000 - 0x00007fff634e4000 	C:\WINDOWS\SYSTEM32\DBGHELP.DLL
0x00007fff63150000 - 0x00007fff63184000 	C:\WINDOWS\SYSTEM32\dbgcore.DLL
0x00007fff6d610000 - 0x00007fff6d692000 	C:\WINDOWS\System32\bcryptPrimitives.dll
0x00007fff65560000 - 0x00007fff65588000 	C:\Program Files\Java\jdk-11\bin\java.dll
0x00007fff67200000 - 0x00007fff6720a000 	C:\Program Files\Java\jdk-11\bin\jimage.dll
0x00007fff64e00000 - 0x00007fff64e17000 	C:\Program Files\Java\jdk-11\bin\zip.dll
0x00007fff6d920000 - 0x00007fff6e064000 	C:\WINDOWS\System32\SHELL32.dll
0x00007fff6ae20000 - 0x00007fff6b5b3000 	C:\WINDOWS\SYSTEM32\windows.storage.dll
0x00007fff6e760000 - 0x00007fff6eab4000 	C:\WINDOWS\System32\combase.dll
0x00007fff6c6e0000 - 0x00007fff6c70e000 	C:\WINDOWS\SYSTEM32\Wldp.dll
0x00007fff6f5a0000 - 0x00007fff6f64d000 	C:\WINDOWS\System32\SHCORE.dll
0x00007fff6d790000 - 0x00007fff6d7e5000 	C:\WINDOWS\System32\shlwapi.dll
0x00007fff6ccb0000 - 0x00007fff6cccf000 	C:\WINDOWS\SYSTEM32\profapi.dll
0x00007fff64d80000 - 0x00007fff64d99000 	C:\Program Files\Java\jdk-11\bin\net.dll
0x00007fff66430000 - 0x00007fff6653a000 	C:\WINDOWS\SYSTEM32\WINHTTP.dll
0x00007fff6c440000 - 0x00007fff6c4aa000 	C:\WINDOWS\system32\mswsock.dll
0x00007fff62590000 - 0x00007fff625a2000 	C:\Program Files\Java\jdk-11\bin\nio.dll
0x00007fff6c640000 - 0x00007fff6c658000 	C:\WINDOWS\SYSTEM32\CRYPTSP.dll
0x00007fff6bd60000 - 0x00007fff6bd94000 	C:\WINDOWS\system32\rsaenh.dll
0x00007fff6d130000 - 0x00007fff6d157000 	C:\WINDOWS\System32\bcrypt.dll
0x00007fff6cc70000 - 0x00007fff6cc9e000 	C:\WINDOWS\SYSTEM32\USERENV.dll
0x00007fff6c630000 - 0x00007fff6c63c000 	C:\WINDOWS\SYSTEM32\CRYPTBASE.dll
0x00007fff6c130000 - 0x00007fff6c16c000 	C:\WINDOWS\SYSTEM32\IPHLPAPI.DLL
0x00007fff6d780000 - 0x00007fff6d788000 	C:\WINDOWS\System32\NSI.dll
0x00007fff65b80000 - 0x00007fff65b97000 	C:\WINDOWS\SYSTEM32\dhcpcsvc6.DLL
0x00007fff65b60000 - 0x00007fff65b7d000 	C:\WINDOWS\SYSTEM32\dhcpcsvc.DLL
0x00007fff6c170000 - 0x00007fff6c23a000 	C:\WINDOWS\SYSTEM32\DNSAPI.dll
0x00007fff5efb0000 - 0x00007fff5eff5000 	C:\Users\Acer\AppData\Local\Temp\jna-2034799\jna7427555767370099228.dll
0x00007fff66980000 - 0x00007fff66989000 	C:\Program Files\Java\jdk-11\bin\management.dll
0x00007fff661b0000 - 0x00007fff661bb000 	C:\Program Files\Java\jdk-11\bin\management_ext.dll
0x000000006fd00000 - 0x000000006fd07000 	C:\Users\Acer\AppData\Local\Temp\.sbt3ebf6db5\swoval\swoval-jni\4367978299676958225-swoval-files0.dll
0x00007fff61fc0000 - 0x00007fff61fd7000 	C:\WINDOWS\system32\napinsp.dll
0x00007fff61fa0000 - 0x00007fff61fbb000 	C:\WINDOWS\system32\pnrpnsp.dll
0x00007fff67fa0000 - 0x00007fff67fb5000 	C:\WINDOWS\system32\wshbth.dll
0x00007fff65d30000 - 0x00007fff65d4d000 	C:\WINDOWS\system32\NLAapi.dll
0x00007fff61f80000 - 0x00007fff61f92000 	C:\WINDOWS\System32\winrnr.dll
0x00007fff65d10000 - 0x00007fff65d1a000 	C:\Windows\System32\rasadhlp.dll
0x00007fff63060000 - 0x00007fff630e2000 	C:\WINDOWS\System32\fwpuclnt.dll
0x00007fff62420000 - 0x00007fff62446000 	C:\Users\Acer\AppData\Local\Temp\csjniutils-0.3.33609828337758468004.dll
0x00007fff6e090000 - 0x00007fff6e1ba000 	C:\WINDOWS\System32\ole32.dll
0x00007fff62260000 - 0x00007fff62286000 	C:\Users\Acer\AppData\Local\Temp\csjniutils-0.3.313704828238537622127.dll

dbghelp: loaded successfully - version: 4.0.5 - missing functions: none
symbol engine: initialized successfully - sym options: 0x614 - pdb path: .;C:\Program Files\Java\jdk-11\bin;C:\WINDOWS\SYSTEM32;C:\WINDOWS\WinSxS\amd64_microsoft.windows.common-controls_6595b64144ccf1df_6.0.19041.1110_none_60b5254171f9507e;C:\Program Files\Java\jdk-11\bin\server;C:\Users\Acer\AppData\Local\Temp\jna-2034799;C:\Users\Acer\AppData\Local\Temp\.sbt3ebf6db5\swoval\swoval-jni;C:\Users\Acer\AppData\Local\Temp

VM Arguments:
jvm_args: -Djline.terminal=jline.UnsupportedTerminal -Dsbt.log.noformat=true -Dfile.encoding=UTF-8 -Didea.managed=true -Dfile.encoding=UTF-8 -Didea.installation.dir=C:\Program Files\JetBrains\IntelliJ IDEA Educational Edition 2022.2.2 
java_command: C:/Program Files/JetBrains/IntelliJ IDEA Educational Edition 2022.2.2/plugins/Scala/launcher/sbt-launch.jar
java_class_path (initial): C:/Program Files/JetBrains/IntelliJ IDEA Educational Edition 2022.2.2/plugins/Scala/launcher/sbt-launch.jar
Launcher Type: SUN_STANDARD

[Global flags]
     intx CICompilerCount                          = 4                                         {product} {ergonomic}
     uint ConcGCThreads                            = 2                                         {product} {ergonomic}
     uint G1ConcRefinementThreads                  = 8                                         {product} {ergonomic}
   size_t G1HeapRegionSize                         = 1048576                                   {product} {ergonomic}
    uintx GCDrainStackTargetSize                   = 64                                        {product} {ergonomic}
   size_t InitialHeapSize                          = 117440512                                 {product} {ergonomic}
   size_t MarkStackSize                            = 4194304                                   {product} {ergonomic}
   size_t MaxHeapSize                              = 1853882368                                {product} {ergonomic}
   size_t MaxNewSize                               = 1111490560                                {product} {ergonomic}
   size_t MinHeapDeltaBytes                        = 1048576                                   {product} {ergonomic}
    uintx NonNMethodCodeHeapSize                   = 5836300                                {pd product} {ergonomic}
    uintx NonProfiledCodeHeapSize                  = 122910970                              {pd product} {ergonomic}
    uintx ProfiledCodeHeapSize                     = 122910970                              {pd product} {ergonomic}
    uintx ReservedCodeCacheSize                    = 251658240                              {pd product} {ergonomic}
     bool SegmentedCodeCache                       = true                                      {product} {ergonomic}
     bool UseCompressedClassPointers               = true                                 {lp64_product} {ergonomic}
     bool UseCompressedOops                        = true                                 {lp64_product} {ergonomic}
     bool UseG1GC                                  = true                                      {product} {ergonomic}
     bool UseLargePagesIndividualAllocation        = false                                  {pd product} {ergonomic}

Logging:
Log output configuration:
 #0: stdout all=warning uptime,level,tags
 #1: stderr all=off uptime,level,tags

Environment Variables:
JAVA_HOME=C:\Program Files\Java\jdk-11
PATH=C:\Program Files\Common Files\Oracle\Java\javapath;C:\Program Files (x86)\Common Files\Oracle\Java\javapath;C:\Python311\Scripts\;C:\Python311\;C:\Python310\Scripts\;C:\Python310\;C:\WINDOWS\system32;C:\WINDOWS;C:\WINDOWS\System32\Wbem;C:\WINDOWS\System32\WindowsPowerShell\v1.0\;C:\WINDOWS\System32\OpenSSH\;C:\Program Files\Git\cmd;C:\Users\Acer\AppData\Roaming\nvm;C:\Program Files\nodejs;C:\ProgramData\chocolatey\bin;C:\Program Files\nodejs\;D:\Programs\PuTTY\;C:\Program Files\Java\jdk1.8.0_202\bin;C:\Program Files (x86)\scala\bin;C:\Program Files (x86)\scala\bin;C:\Users\Acer\AppData\Local\Microsoft\WindowsApps;C:\Users\Acer\AppData\Local\atom\bin;C:\Users\Acer\AppData\Local\hyper\app-3.0.2\resources\bin;C:\Users\Acer\AppData\Local\Programs\Microsoft VS Code\bin;C:\Users\Acer\AppData\Local\Microsoft\WindowsApps;C:\Program Files (x86)\CodeBlocks\MinGW\bin;C:\Users\Acer\AppData\Roaming\nvm;C:\Program Files\nodejs;C:\Users\Acer\AppData\Roaming\npm;D:\spark_and_scala\spark-2.4.7-bin-hadoop2.7\bin;
USERNAME=Acer
OS=Windows_NT
PROCESSOR_IDENTIFIER=AMD64 Family 23 Model 17 Stepping 0, AuthenticAMD



---------------  S Y S T E M  ---------------

OS: Windows 10 , 64 bit Build 19041 (10.0.19041.3031)

CPU:total 8 (initial active 8) (8 cores per cpu, 2 threads per core) family 23 model 17 stepping 0 microcode 0x0, cmov, cx8, fxsr, mmx, sse, sse2, sse3, ssse3, sse4.1, sse4.2, popcnt, avx, avx2, aes, clmul, mmxext, 3dnowpref, lzcnt, sse4a, ht, tsc, tscinvbit, tscinv, bmi1, bmi2, adx, s

Memory: 4k page, system-wide physical 7069M (571M free)
TotalPageFile size 13213M (AvailPageFile size 18M)
current process WorkingSet (physical memory assigned to process): 485M, peak: 486M
current process commit charge ("private bytes"): 526M, peak: 562M

vm_info: Java HotSpot(TM) 64-Bit Server VM (11.0.18+9-LTS-195) for windows-amd64 JRE (11.0.18+9-LTS-195), built on Dec  6 2022 15:50:58 by "mach5one" with MS VC++ 17.1 (VS2022)

END.
